[    0.000000] Initializing cgroup subsys cpuset
[    0.000000] Initializing cgroup subsys cpu
[    0.000000] Initializing cgroup subsys cpuacct
[    0.000000] Linux version 4.4.0-173-generic (buildd@lgw01-amd64-037) (gcc version 5.4.0 20160609 (Ubuntu 5.4.0-6ubuntu1~16.04.12) ) #203-Ubuntu SMP Wed Jan 15 02:55:01 UTC 2020 (Ubuntu 4.4.0-173.203-generic 4.4.208)
[    0.000000] Command line: BOOT_IMAGE=/boot/vmlinuz-4.4.0-173-generic root=LABEL=cloudimg-rootfs ro console=tty1 console=ttyS0
[    0.000000] KERNEL supported cpus:
[    0.000000]   Intel GenuineIntel
[    0.000000]   AMD AuthenticAMD
[    0.000000]   Centaur CentaurHauls
[    0.000000] x86/fpu: xstate_offset[2]:  576, xstate_sizes[2]:  256
[    0.000000] x86/fpu: Supporting XSAVE feature 0x01: 'x87 floating point registers'
[    0.000000] x86/fpu: Supporting XSAVE feature 0x02: 'SSE registers'
[    0.000000] x86/fpu: Supporting XSAVE feature 0x04: 'AVX registers'
[    0.000000] x86/fpu: Enabled xstate features 0x7, context size is 832 bytes, using 'standard' format.
[    0.000000] e820: BIOS-provided physical RAM map:
[    0.000000] BIOS-e820: [mem 0x0000000000000000-0x000000000009fbff] usable
[    0.000000] BIOS-e820: [mem 0x000000000009fc00-0x000000000009ffff] reserved
[    0.000000] BIOS-e820: [mem 0x00000000000f0000-0x00000000000fffff] reserved
[    0.000000] BIOS-e820: [mem 0x0000000000100000-0x000000001ffeffff] usable
[    0.000000] BIOS-e820: [mem 0x000000001fff0000-0x000000001fffffff] ACPI data
[    0.000000] BIOS-e820: [mem 0x00000000fec00000-0x00000000fec00fff] reserved
[    0.000000] BIOS-e820: [mem 0x00000000fee00000-0x00000000fee00fff] reserved
[    0.000000] BIOS-e820: [mem 0x00000000fffc0000-0x00000000ffffffff] reserved
[    0.000000] NX (Execute Disable) protection: active
[    0.000000] SMBIOS 2.5 present.
[    0.000000] Hypervisor detected: KVM
[    0.000000] e820: last_pfn = 0x1fff0 max_arch_pfn = 0x400000000
[    0.000000] MTRR: Disabled
[    0.000000] x86/PAT: MTRRs disabled, skipping PAT initialization too.
[    0.000000] CPU MTRRs all blank - virtualized system.
[    0.000000] x86/PAT: Configuration [0-7]: WB  WT  UC- UC  WB  WT  UC- UC  
[    0.000000] found SMP MP-table at [mem 0x0009fff0-0x0009ffff] mapped at [ffff88000009fff0]
[    0.000000] Scanning 1 areas for low memory corruption
[    0.000000] RAMDISK: [mem 0x1e8bc000-0x1f741fff]
[    0.000000] ACPI: Early table checksum verification disabled
[    0.000000] ACPI: RSDP 0x00000000000E0000 000024 (v02 VBOX  )
[    0.000000] ACPI: XSDT 0x000000001FFF0030 00003C (v01 VBOX   VBOXXSDT 00000001 ASL  00000061)
[    0.000000] ACPI: FACP 0x000000001FFF00F0 0000F4 (v04 VBOX   VBOXFACP 00000001 ASL  00000061)
[    0.000000] ACPI: DSDT 0x000000001FFF0470 002325 (v02 VBOX   VBOXBIOS 00000002 INTL 20100528)
[    0.000000] ACPI: FACS 0x000000001FFF0200 000040
[    0.000000] ACPI: FACS 0x000000001FFF0200 000040
[    0.000000] ACPI: APIC 0x000000001FFF0240 00005C (v02 VBOX   VBOXAPIC 00000001 ASL  00000061)
[    0.000000] ACPI: SSDT 0x000000001FFF02A0 0001CC (v01 VBOX   VBOXCPUT 00000002 INTL 20100528)
[    0.000000] No NUMA configuration found
[    0.000000] Faking a node at [mem 0x0000000000000000-0x000000001ffeffff]
[    0.000000] NODE_DATA(0) allocated [mem 0x1ffeb000-0x1ffeffff]
[    0.000000] kvm-clock: Using msrs 4b564d01 and 4b564d00
[    0.000000] kvm-clock: cpu 0, msr 0:1ffe3001, primary cpu clock
[    0.000000] kvm-clock: using sched offset of 3841037535 cycles
[    0.000000] clocksource: kvm-clock: mask: 0xffffffffffffffff max_cycles: 0x1cd42e4dffb, max_idle_ns: 881590591483 ns
[    0.000000] Zone ranges:
[    0.000000]   DMA      [mem 0x0000000000001000-0x0000000000ffffff]
[    0.000000]   DMA32    [mem 0x0000000001000000-0x000000001ffeffff]
[    0.000000]   Normal   empty
[    0.000000]   Device   empty
[    0.000000] Movable zone start for each node
[    0.000000] Early memory node ranges
[    0.000000]   node   0: [mem 0x0000000000001000-0x000000000009efff]
[    0.000000]   node   0: [mem 0x0000000000100000-0x000000001ffeffff]
[    0.000000] Initmem setup node 0 [mem 0x0000000000001000-0x000000001ffeffff]
[    0.000000] ACPI: PM-Timer IO Port: 0x4008
[    0.000000] IOAPIC[0]: apic_id 2, version 32, address 0xfec00000, GSI 0-23
[    0.000000] ACPI: INT_SRC_OVR (bus 0 bus_irq 0 global_irq 2 dfl dfl)
[    0.000000] ACPI: INT_SRC_OVR (bus 0 bus_irq 9 global_irq 9 low level)
[    0.000000] Using ACPI (MADT) for SMP configuration information
[    0.000000] smpboot: Allowing 2 CPUs, 0 hotplug CPUs
[    0.000000] PM: Registered nosave memory: [mem 0x00000000-0x00000fff]
[    0.000000] PM: Registered nosave memory: [mem 0x0009f000-0x0009ffff]
[    0.000000] PM: Registered nosave memory: [mem 0x000a0000-0x000effff]
[    0.000000] PM: Registered nosave memory: [mem 0x000f0000-0x000fffff]
[    0.000000] e820: [mem 0x20000000-0xfebfffff] available for PCI devices
[    0.000000] Booting paravirtualized kernel on KVM
[    0.000000] clocksource: refined-jiffies: mask: 0xffffffff max_cycles: 0xffffffff, max_idle_ns: 7645519600211568 ns
[    0.000000] setup_percpu: NR_CPUS:512 nr_cpumask_bits:512 nr_cpu_ids:2 nr_node_ids:1
[    0.000000] PERCPU: Embedded 33 pages/cpu @ffff88001fc00000 s95448 r8192 d31528 u1048576
[    0.000000] Built 1 zonelists in Node order, mobility grouping on.  Total pages: 128888
[    0.000000] Policy zone: DMA32
[    0.000000] Kernel command line: BOOT_IMAGE=/boot/vmlinuz-4.4.0-173-generic root=LABEL=cloudimg-rootfs ro console=tty1 console=ttyS0
[    0.000000] PID hash table entries: 2048 (order: 2, 16384 bytes)
[    0.000000] Memory: 481600K/523832K available (8626K kernel code, 1336K rwdata, 4032K rodata, 1488K init, 1292K bss, 42232K reserved, 0K cma-reserved)
[    0.000000] SLUB: HWalign=64, Order=0-3, MinObjects=0, CPUs=2, Nodes=1
[    0.000000] Kernel/User page tables isolation: enabled
[    0.000000] Hierarchical RCU implementation.
[    0.000000] 	Build-time adjustment of leaf fanout to 64.
[    0.000000] 	RCU restricting CPUs from NR_CPUS=512 to nr_cpu_ids=2.
[    0.000000] RCU: Adjusting geometry for rcu_fanout_leaf=64, nr_cpu_ids=2
[    0.000000] NR_IRQS:33024 nr_irqs:440 16
[    0.000000] Console: colour VGA+ 80x25
[    0.000000] console [tty1] enabled
[    0.000000] console [ttyS0] enabled
[    0.000000] tsc: Detected 2496.000 MHz processor
[    0.262864] Calibrating delay loop (skipped) preset value.. 4992.00 BogoMIPS (lpj=9984000)
[    0.265969] pid_max: default: 32768 minimum: 301
[    0.267692] ACPI: Core revision 20150930
[    0.272772] ACPI: 2 ACPI AML tables successfully acquired and loaded
[    0.275087] Security Framework initialized
[    0.276593] Yama: becoming mindful.
[    0.277998] AppArmor: AppArmor initialized
[    0.279596] Dentry cache hash table entries: 65536 (order: 7, 524288 bytes)
[    0.281994] Inode-cache hash table entries: 32768 (order: 6, 262144 bytes)
[    0.284315] Mount-cache hash table entries: 1024 (order: 1, 8192 bytes)
[    0.286527] Mountpoint-cache hash table entries: 1024 (order: 1, 8192 bytes)
[    0.289081] Initializing cgroup subsys io
[    0.292189] Initializing cgroup subsys memory
[    0.294018] Initializing cgroup subsys devices
[    0.295705] Initializing cgroup subsys freezer
[    0.297631] Initializing cgroup subsys net_cls
[    0.299798] Initializing cgroup subsys perf_event
[    0.302837] Initializing cgroup subsys net_prio
[    0.304496] Initializing cgroup subsys hugetlb
[    0.306190] Initializing cgroup subsys pids
[    0.312008] mce: CPU supports 0 MCE banks
[    0.314341] Last level iTLB entries: 4KB 64, 2MB 8, 4MB 8
[    0.316210] Last level dTLB entries: 4KB 64, 2MB 0, 4MB 0, 1GB 4
[    0.319789] Spectre V1 : Mitigation: usercopy/swapgs barriers and __user pointer sanitization
[    0.322896] Spectre V2 : Mitigation: Full generic retpoline
[    0.324900] Spectre V2 : Spectre v2 / SpectreRSB mitigation: Filling RSB on context switch
[    0.329251] Speculative Store Bypass: Vulnerable
[    0.332804] MDS: Vulnerable: Clear CPU buffers attempted, no microcode
[    0.340639] Freeing SMP alternatives memory: 36K
[    0.353075] ftrace: allocating 32304 entries in 127 pages
[    0.452952] smpboot: APIC(0) Converting physical 0 to logical package 0
[    0.456532] smpboot: Max logical packages: 1
[    0.458694] x2apic enabled
[    0.460407] Switched APIC routing to physical x2apic.
[    0.464652] ..TIMER: vector=0x30 apic1=0 pin1=2 apic2=-1 pin2=-1
[    0.574946] smpboot: CPU0: Intel(R) Core(TM) i5-6300U CPU @ 2.40GHz (family: 0x6, model: 0x4e, stepping: 0x3)
[    0.579620] Performance Events: unsupported p6 CPU model 78 no PMU driver, software events only.
[    0.596678] KVM setup paravirtual spinlock
[    0.599615] x86: Booting SMP configuration:
[    0.601194] .... node  #0, CPUs:      #1
[    0.602718] kvm-clock: cpu 1, msr 0:1ffe3041, secondary cpu clock
[    0.609212] mce: CPU supports 0 MCE banks
[    0.612086] x86: Booted up 1 node, 2 CPUs
[    0.614127] smpboot: Total of 2 processors activated (9984.00 BogoMIPS)
[    0.620139] devtmpfs: initialized
[    0.623885] evm: security.selinux
[    0.625251] evm: security.SMACK64
[    0.626601] evm: security.SMACK64EXEC
[    0.628142] evm: security.SMACK64TRANSMUTE
[    0.629744] evm: security.SMACK64MMAP
[    0.631263] evm: security.ima
[    0.632521] evm: security.capability
[    0.634285] clocksource: jiffies: mask: 0xffffffff max_cycles: 0xffffffff, max_idle_ns: 7645041785100000 ns
[    0.638006] futex hash table entries: 512 (order: 3, 32768 bytes)
[    0.640308] pinctrl core: initialized pinctrl subsystem
[    0.642301] RTC time: 12:50:45, date: 03/26/20
[    0.644262] NET: Registered protocol family 16
[    0.655387] cpuidle: using governor ladder
[    0.668092] cpuidle: using governor menu
[    0.669780] PCCT header not found.
[    0.671465] ACPI: bus type PCI registered
[    0.673235] acpiphp: ACPI Hot Plug PCI Controller Driver version: 0.5
[    0.675949] PCI: Using configuration type 1 for base access
[    0.689268] ACPI: Added _OSI(Module Device)
[    0.691265] ACPI: Added _OSI(Processor Device)
[    0.693364] ACPI: Added _OSI(3.0 _SCP Extensions)
[    0.695388] ACPI: Added _OSI(Processor Aggregator Device)
[    0.698227] ACPI: Executed 1 blocks of module-level executable AML code
[    0.703606] ACPI: Interpreter enabled
[    0.705371] ACPI: (supports S0 S5)
[    0.706588] ACPI: Using IOAPIC for interrupt routing
[    0.709125] PCI: Using host bridge windows from ACPI; if necessary, use "pci=nocrs" and report a bug
[    0.718832] ACPI: PCI Root Bridge [PCI0] (domain 0000 [bus 00-ff])
[    0.721001] acpi PNP0A03:00: _OSC: OS supports [ASPM ClockPM Segments MSI]
[    0.723894] acpi PNP0A03:00: _OSC: not requesting OS control; OS requires [ExtendedConfig ASPM ClockPM MSI]
[    0.727942] acpi PNP0A03:00: fail to add MMCONFIG information, can't access extended PCI configuration space under this bridge.
[    0.732614] PCI host bridge to bus 0000:00
[    0.734355] pci_bus 0000:00: root bus resource [io  0x0000-0x0cf7 window]
[    0.737766] pci_bus 0000:00: root bus resource [io  0x0d00-0xffff window]
[    0.741003] pci_bus 0000:00: root bus resource [mem 0x000a0000-0x000bffff window]
[    0.744612] pci_bus 0000:00: root bus resource [mem 0x20000000-0xfdffffff window]
[    0.747840] pci_bus 0000:00: root bus resource [bus 00-ff]
[    0.752887] pci 0000:00:01.1: legacy IDE quirk: reg 0x10: [io  0x01f0-0x01f7]
[    0.755396] pci 0000:00:01.1: legacy IDE quirk: reg 0x14: [io  0x03f6]
[    0.757811] pci 0000:00:01.1: legacy IDE quirk: reg 0x18: [io  0x0170-0x0177]
[    0.760403] pci 0000:00:01.1: legacy IDE quirk: reg 0x1c: [io  0x0376]
[    0.794354] pci 0000:00:07.0: quirk: [io  0x4000-0x403f] claimed by PIIX4 ACPI
[    0.797220] pci 0000:00:07.0: quirk: [io  0x4100-0x410f] claimed by PIIX4 SMB
[    0.804810] ACPI: PCI Interrupt Link [LNKA] (IRQs 5 9 10 *11)
[    0.807794] ACPI: PCI Interrupt Link [LNKB] (IRQs 5 9 *10 11)
[    0.810356] ACPI: PCI Interrupt Link [LNKC] (IRQs 5 *9 10 11)
[    0.813387] ACPI: PCI Interrupt Link [LNKD] (IRQs 5 9 10 *11)
[    0.816328] ACPI: Enabled 2 GPEs in block 00 to 07
[    0.818607] vgaarb: setting as boot device: PCI:0000:00:02.0
[    0.820902] vgaarb: device added: PCI:0000:00:02.0,decodes=io+mem,owns=io+mem,locks=none
[    0.824744] vgaarb: loaded
[    0.825851] vgaarb: bridge control possible 0000:00:02.0
[    0.828321] SCSI subsystem initialized
[    0.830218] ACPI: bus type USB registered
[    0.831758] usbcore: registered new interface driver usbfs
[    0.833759] usbcore: registered new interface driver hub
[    0.835617] usbcore: registered new device driver usb
[    0.837785] PCI: Using ACPI for IRQ routing
[    0.839835] NetLabel: Initializing
[    0.841232] NetLabel:  domain hash size = 128
[    0.842837] NetLabel:  protocols = UNLABELED CIPSOv4
[    0.844683] NetLabel:  unlabeled traffic allowed by default
[    0.846804] amd_nb: Cannot enumerate AMD northbridges
[    0.848677] clocksource: Switched to clocksource kvm-clock
[    0.861967] AppArmor: AppArmor Filesystem Enabled
[    0.863823] pnp: PnP ACPI init
[    0.866429] pnp: PnP ACPI: found 3 devices
[    0.878733] clocksource: acpi_pm: mask: 0xffffff max_cycles: 0xffffff, max_idle_ns: 2085701024 ns
[    0.882147] NET: Registered protocol family 2
[    0.883997] TCP established hash table entries: 4096 (order: 3, 32768 bytes)
[    0.886386] TCP bind hash table entries: 4096 (order: 4, 65536 bytes)
[    0.888623] TCP: Hash tables configured (established 4096 bind 4096)
[    0.890831] UDP hash table entries: 256 (order: 1, 8192 bytes)
[    0.893089] UDP-Lite hash table entries: 256 (order: 1, 8192 bytes)
[    0.895266] NET: Registered protocol family 1
[    0.896882] pci 0000:00:00.0: Limiting direct PCI/PCI transfers
[    0.899117] pci 0000:00:01.0: Activating ISA DMA hang workarounds
[    0.904005] Unpacking initramfs...
[    1.220808] Freeing initrd memory: 14872K
[    1.223894] clocksource: tsc: mask: 0xffffffffffffffff max_cycles: 0x23fa772cf26, max_idle_ns: 440795269835 ns
[    1.228063] platform rtc_cmos: registered platform RTC device (no PNP device found)
[    1.231027] Scanning for low memory corruption every 60 seconds
[    1.234431] audit: initializing netlink subsys (disabled)
[    1.236391] audit: type=2000 audit(1585227050.796:1): initialized
[    1.239116] Initialise system trusted keyring
[    1.241437] HugeTLB registered 2 MB page size, pre-allocated 0 pages
[    1.245786] zbud: loaded
[    1.247470] VFS: Disk quotas dquot_6.6.0
[    1.249215] VFS: Dquot-cache hash table entries: 512 (order 0, 4096 bytes)
[    1.252458] squashfs: version 4.0 (2009/01/31) Phillip Lougher
[    1.255038] fuse init (API version 7.23)
[    1.257007] Key type big_key registered
[    1.258825] Allocating IMA MOK and blacklist keyrings.
[    1.262549] Key type asymmetric registered
[    1.264179] Asymmetric key parser 'x509' registered
[    1.266341] Block layer SCSI generic (bsg) driver version 0.4 loaded (major 249)
[    1.269456] io scheduler noop registered
[    1.271106] io scheduler deadline registered (default)
[    1.273637] io scheduler cfq registered
[    1.275412] pci_hotplug: PCI Hot Plug PCI Core version: 0.5
[    1.277880] pciehp: PCI Express Hot Plug Controller Driver version: 0.4
[    1.280375] ACPI: AC Adapter [AC] (on-line)
[    1.282298] input: Power Button as /devices/LNXSYSTM:00/LNXPWRBN:00/input/input0
[    1.285156] ACPI: Power Button [PWRF]
[    1.286861] input: Sleep Button as /devices/LNXSYSTM:00/LNXSLPBN:00/input/input1
[    1.289927] ACPI: Sleep Button [SLPF]
[    1.293396] ACPI: Battery Slot [BAT0] (battery present)
[    1.295304] GHES: HEST is not enabled!
[    1.296965] Serial: 8250/16550 driver, 32 ports, IRQ sharing enabled
[    1.320168] 00:02: ttyS0 at I/O 0x3f8 (irq = 4, base_baud = 115200) is a 16550A
[    1.324038] Linux agpgart interface v0.103
[    1.327748] loop: module loaded
[    1.329894] scsi host0: ata_piix
[    1.331446] scsi host1: ata_piix
[    1.332817] ata1: PATA max UDMA/33 cmd 0x1f0 ctl 0x3f6 bmdma 0xd000 irq 14
[    1.335031] ata2: PATA max UDMA/33 cmd 0x170 ctl 0x376 bmdma 0xd008 irq 15
[    1.337627] libphy: Fixed MDIO Bus: probed
[    1.339422] tun: Universal TUN/TAP device driver, 1.6
[    1.341298] tun: (C) 1999-2004 Max Krasnyansky <maxk@qualcomm.com>
[    1.343632] PPP generic driver version 2.4.2
[    1.345302] ehci_hcd: USB 2.0 'Enhanced' Host Controller (EHCI) Driver
[    1.347528] ehci-pci: EHCI PCI platform driver
[    1.349191] ehci-platform: EHCI generic platform driver
[    1.351153] ohci_hcd: USB 1.1 'Open' Host Controller (OHCI) Driver
[    1.353406] ohci-pci: OHCI PCI platform driver
[    1.355103] ohci-platform: OHCI generic platform driver
[    1.357022] uhci_hcd: USB Universal Host Controller Interface driver
[    1.359211] i8042: PNP: PS/2 Controller [PNP0303:PS2K,PNP0f03:PS2M] at 0x60,0x64 irq 1,12
[    1.363024] serio: i8042 KBD port at 0x60,0x64 irq 1
[    1.364832] serio: i8042 AUX port at 0x60,0x64 irq 12
[    1.366910] mousedev: PS/2 mouse device common for all mice
[    1.369779] input: AT Translated Set 2 keyboard as /devices/platform/i8042/serio0/input/input2
[    1.373736] rtc_cmos rtc_cmos: rtc core: registered rtc_cmos as rtc0
[    1.376756] rtc_cmos rtc_cmos: alarms up to one day, 114 bytes nvram
[    1.379530] i2c /dev entries driver
[    1.380938] device-mapper: uevent: version 1.0.3
[    1.382723] device-mapper: ioctl: 4.34.0-ioctl (2015-10-28) initialised: dm-devel@redhat.com
[    1.385741] ledtrig-cpu: registered to indicate activity on CPUs
[    1.388511] NET: Registered protocol family 10
[    1.390435] NET: Registered protocol family 17
[    1.392078] Key type dns_resolver registered
[    1.394064] registered taskstats version 1
[    1.395632] Loading compiled-in X.509 certificates
[    1.398229] Loaded X.509 cert 'Build time autogenerated kernel key: 4e6a82653c7e3a258f066f23f1954299de63b157'
[    1.402144] zswap: loaded using pool lzo/zbud
[    1.405999] Key type trusted registered
[    1.411340] Key type encrypted registered
[    1.412868] AppArmor: AppArmor sha1 policy hashing enabled
[    1.414731] ima: No TPM chip found, activating TPM-bypass!
[    1.416551] ima: Allocated hash algorithm: sha1
[    1.418236] evm: HMAC attrs: 0x1
[    1.420012]   Magic number: 12:993:835
[    1.421681] rtc_cmos rtc_cmos: setting system clock to 2020-03-26 12:50:46 UTC (1585227046)
[    1.425046] BIOS EDD facility v0.16 2004-Jun-25, 0 devices found
[    1.427278] EDD information not available.
[    1.872948] Freeing unused kernel memory: 1488K
[    1.874868] Write protecting the kernel read-only data: 14336k
[    1.877900] Freeing unused kernel memory: 1604K
[    1.879863] Freeing unused kernel memory: 64K
Loading, please wait...
starting version 229
[    1.901741] random: systemd-udevd: uninitialized urandom read (16 bytes read, 3 bits of entropy available)
[    1.902861] random: udevadm: uninitialized urandom read (16 bytes read, 3 bits of entropy available)
[    1.902891] random: udevadm: uninitialized urandom read (16 bytes read, 3 bits of entropy available)
[    1.912340] random: systemd-udevd: uninitialized urandom read (16 bytes read, 3 bits of entropy available)
[    1.916076] random: systemd-udevd: uninitialized urandom read (16 bytes read, 3 bits of entropy available)
[    1.917646] random: udevadm: uninitialized urandom read (16 bytes read, 3 bits of entropy available)
[    1.917721] random: udevadm: uninitialized urandom read (16 bytes read, 3 bits of entropy available)
[    1.917978] random: udevadm: uninitialized urandom read (16 bytes read, 3 bits of entropy available)
[    1.918051] random: udevadm: uninitialized urandom read (16 bytes read, 3 bits of entropy available)
[    1.918123] random: udevadm: uninitialized urandom read (16 bytes read, 3 bits of entropy available)
[    1.993571] Fusion MPT base driver 3.04.20
[    1.995171] Copyright (c) 1999-2008 LSI Corporation
[    2.003883] e1000: Intel(R) PRO/1000 Network Driver - version 7.3.21-k8-NAPI
[    2.008256] e1000: Copyright (c) 1999-2006 Intel Corporation.
[    2.025215] Fusion MPT SPI Host driver 3.04.20
[    2.032467] AVX2 version of gcm_enc/dec engaged.
[    2.034645] AES CTR mode by8 optimization enabled
[    2.047537] mptbase: ioc0: Initiating bringup
[    2.217285] ioc0: LSI53C1030 A0: Capabilities={Initiator}
[    2.222844] input: ImExPS/2 Generic Explorer Mouse as /devices/platform/i8042/serio1/input/input4
[    4.261461] scsi host2: ioc0: LSI53C1030 A0, FwRev=00000000h, Ports=1, MaxQ=256, IRQ=20
[    6.107763] scsi 2:0:0:0: Direct-Access     VBOX     HARDDISK         1.0  PQ: 0 ANSI: 5
[    6.111055] scsi target2:0:0: Beginning Domain Validation
[    6.115303] scsi target2:0:0: Domain Validation skipping write tests
[    6.118039] scsi target2:0:0: Ending Domain Validation
[    6.120101] scsi target2:0:0: asynchronous
[    6.122615] scsi 2:0:1:0: Direct-Access     VBOX     HARDDISK         1.0  PQ: 0 ANSI: 5
[    6.126412] scsi target2:0:1: Beginning Domain Validation
[    6.130329] scsi target2:0:1: Domain Validation skipping write tests
[    6.132500] scsi target2:0:1: Ending Domain Validation
[    6.134660] scsi target2:0:1: asynchronous
[    6.153922] sd 2:0:0:0: Attached scsi generic sg0 type 0
[    6.154062] sd 2:0:0:0: [sda] 20971520 512-byte logical blocks: (10.7 GB/10.0 GiB)
[    6.154281] sd 2:0:0:0: [sda] Write Protect is off
[    6.154423] sd 2:0:0:0: [sda] Incomplete mode parameter data
[    6.154424] sd 2:0:0:0: [sda] Assuming drive cache: write through
[    6.189675] sd 2:0:1:0: Attached scsi generic sg1 type 0
[    6.191407] sd 2:0:1:0: [sdb] 20480 512-byte logical blocks: (10.5 MB/10.0 MiB)
[    6.191572] sd 2:0:1:0: [sdb] Write Protect is off
[    6.191798] sd 2:0:1:0: [sdb] Incomplete mode parameter data
[    6.191800] sd 2:0:1:0: [sdb] Assuming drive cache: write through
[    6.192813]  sda: sda1
[    6.206784] sd 2:0:0:0: [sda] Attached SCSI disk
[    6.210562] sd 2:0:1:0: [sdb] Attached SCSI disk
[    6.556617] e1000 0000:00:03.0 eth0: (PCI:33MHz:32-bit) 02:0e:0c:9a:00:f0
[    6.558878] e1000 0000:00:03.0 eth0: Intel(R) PRO/1000 Network Connection
[    6.562494] e1000 0000:00:03.0 enp0s3: renamed from eth0
Begin: Loading essential drivers ... [    8.337484] md: linear personality registered for level -1
[    8.343948] md: multipath personality registered for level -4
[    8.350282] md: raid0 personality registered for level 0
[    8.361145] md: raid1 personality registered for level 1
[    8.437058] raid6: sse2x1   gen()  5655 MB/s
[    8.505427] raid6: sse2x1   xor()  3118 MB/s
[    8.585567] raid6: sse2x2   gen()  5302 MB/s
[    8.652833] raid6: sse2x2   xor()  4167 MB/s
[    8.721033] raid6: sse2x4   gen()  7711 MB/s
[    8.789383] raid6: sse2x4   xor()  4357 MB/s
[    8.856742] raid6: avx2x1   gen() 10751 MB/s
[    8.925089] raid6: avx2x2   gen() 12683 MB/s
[    8.993324] raid6: avx2x4   gen() 14819 MB/s
[    8.995176] raid6: using algorithm avx2x4 gen() 14819 MB/s
[    8.998069] raid6: using avx2x2 recovery algorithm
[    9.001763] xor: automatically using best checksumming function:
[    9.040738]    avx       : 13821.000 MB/sec
[    9.044343] async_tx: api initialized (async)
[    9.060733] md: raid6 personality registered for level 6
[    9.063575] md: raid5 personality registered for level 5
[    9.066105] md: raid4 personality registered for level 4
[    9.076642] md: raid10 personality registered for level 10
done.
Begin: Running /scripts/init-premount ... done.
Begin: Mounting root file system ... Begin: Running /scripts/local-top ... done.
Begin: Running /scripts/local-premount ... [    9.135448] Btrfs loaded
Scanning for Btrfs filesystems
done.
Warning: fsck not present, so skipping root file system
[    9.179386] EXT4-fs (sda1): mounted filesystem with ordered data mode. Opts: (null)
done.
Begin: Running /scripts/local-bottom ... done.
Begin: Running /scripts/init-bottom ... done.
[    9.328314] systemd[1]: systemd 229 running in system mode. (+PAM +AUDIT +SELINUX +IMA +APPARMOR +SMACK +SYSVINIT +UTMP +LIBCRYPTSETUP +GCRYPT +GNUTLS +ACL +XZ -LZ4 +SECCOMP +BLKID +ELFUTILS +KMOD -IDN)
[    9.335280] systemd[1]: Detected virtualization oracle.
[    9.337324] systemd[1]: Detected architecture x86-64.

Welcome to [1mUbuntu 16.04.6 LTS[0m!

[    9.343830] systemd[1]: Set hostname to <ubuntu>.
[    9.352651] systemd[1]: Initializing machine ID from random generator.
[    9.355402] systemd[1]: Installed transient /etc/machine-id file.
[    9.550656] systemd[1]: Started Forward Password Requests to Wall Directory Watch.
[[0;32m  OK  [0m] Started Forward Password Requests to Wall Directory Watch.
[    9.555793] systemd[1]: Set up automount Arbitrary Executable File Formats File System Automount Point.
[[0;32m  OK  [0m] Set up automount Arbitrary Executab...ats File System Automount Point.
[    9.563998] systemd[1]: Listening on Journal Audit Socket.
[[0;32m  OK  [0m] Listening on Journal Audit Socket.
[    9.568049] systemd[1]: Listening on LVM2 metadata daemon socket.
[[0;32m  OK  [0m] Listening on LVM2 metadata daemon socket.
[    9.572081] systemd[1]: Listening on Journal Socket.
[[0;32m  OK  [0m] Listening on Journal Socket.
[    9.575721] systemd[1]: Listening on udev Control Socket.
[[0;32m  OK  [0m] Listening on udev Control Socket.
[    9.579875] systemd[1]: Reached target Encrypted Volumes.
[[0;32m  OK  [0m] Reached target Encrypted Volumes.
[    9.589382] systemd[1]: Created slice User and Session Slice.
[[0;32m  OK  [0m] Created slice User and Session Slice.
[    9.593448] systemd[1]: Listening on Journal Socket (/dev/log).
[[0;32m  OK  [0m] Listening on Journal Socket (/dev/log).
[    9.597239] systemd[1]: Listening on /dev/initctl Compatibility Named Pipe.
[[0;32m  OK  [0m] Listening on /dev/initctl Compatibility Named Pipe.
[    9.601686] systemd[1]: Listening on Syslog Socket.
[[0;32m  OK  [0m] Listening on Syslog Socket.
[    9.605508] systemd[1]: Created slice System Slice.
[[0;32m  OK  [0m] Created slice System Slice.
[    9.628879] systemd[1]: Mounting POSIX Message Queue File System...
         Mounting POSIX Message Queue File System...
[    9.633750] systemd[1]: Starting Remount Root and Kernel File Systems...
         Starting Remount Root and Kernel File Systems...
[    9.638045] systemd[1]: Reached target Slices.
[    9.639443] EXT4-fs (sda1): re-mounted. Opts: (null)
[[0;32m  OK  [0m] Reached target Slices.
[    9.644873] systemd[1]: Starting Uncomplicated firewall...
         Starting Uncomplicated firewall...
[    9.649617] systemd[1]: Mounting Debug File System...
         Mounting Debug File System...
[    9.658184] systemd[1]: Starting Load Kernel Modules...
         Starting Load Kernel Modules...
[    9.662665] systemd[1]: Listening on udev Kernel Socket.
[[0;32m  OK  [0m] Listening on udev Kernel Socket.
[    9.666679] systemd[1]: Listening on LVM2 poll daemon socket.
[[0;32m  OK  [0m] Listening on LVM2 poll daemon socket.
[    9.670728] systemd[1]: Listening on Device-mapper event daemon FIFOs.
[    9.673529] Loading iSCSI transport class v2.0-870.
[[0;32m  OK  [0m] Listening on Device-mapper event daemon FIFOs.
[    9.677637] systemd[1]: Starting Monitoring of LVM2 mirrors, snapshots etc. using dmeventd or progress polling...
         Starting Monitoring of LVM2 mirrors... dmeventd or progress polling...
[    9.684661] systemd[1]: Started Trigger resolvconf update for networkd DNS.
[[0;32m  OK  [0m] Started Trigger resolvconf update for networkd DNS.
[    9.691840] systemd[1]: Starting Journal Service...
         Starting Journal Service...
[    9.695689] iscsi: registered transport (tcp)
[    9.696114] systemd[1]: Starting Create list of required static device nodes for the current kernel...
         Starting Create list of required st... nodes for the current kernel...
[    9.704987] systemd[1]: Reached target Swap.
[[0;32m  OK  [0m] Reached target Swap.
[    9.710335] systemd[1]: Starting Nameserver information manager...
         Starting Nameserver information manager...
[    9.718223] systemd[1]: Starting Set console keymap...
         Starting Set console keymap...
[    9.722808] systemd[1]: Created slice system-serial\x2dgetty.slice.
[[0;32m  OK  [0m] Created slice system-serial\x2dgetty.slice.
[    9.736443] systemd[1]: Mounting Huge Pages File System...
         Mounting Huge Pages File System...
[    9.742497] systemd[1]: Reached target System Time Synchronized.
[[0;32m  OK  [0m] Reached target System Time Synchronized.
[    9.751424] systemd[1]: Reached target User and Group Name Lookups.
[[0;32m  OK  [0m] Reached target User and Group Name Lookups.
[    9.779514] systemd[1]: Mounted Debug File System.
[[0;32m  OK  [0m] Mounted Debug File System.
[    9.789543] systemd[1]: Mounted Huge Pages File System.
[[0;32m  OK  [0m] Mounted Huge Pages File System.
[    9.801435] systemd[1]: Mounted POSIX Message Queue File System.
[[0;32m  OK  [0m] Mounted POSIX Message Queue File System.
[    9.809475] systemd[1]: Started Journal Service.
[[0;32m  OK  [0m] Started Journal Service.
[[0;32m  OK  [0m] Started Remount Root and Kernel File Systems.
[[0;32m  OK  [0m] Started Uncomplicated firewall.
[[0;32m  OK  [0m] Started Create list of required sta...ce nodes for the current kernel.
[    9.835878] iscsi: registered transport (iser)
[[0;32m  OK  [0m] Started LVM2 metadata daemon.
         Starting Create Static Device Nodes in /dev...
         Starting udev Coldplug all Devices...
         Starting Load/Save Random Seed...
         Starting Flush Journal to Persistent Storage...
[[0;32m  OK  [0m] Started Load Kernel Modules.
[[0;32m  OK  [0m] Started Nameserver information manager.
[[0;32m  OK  [0m] Started Load/Save Random Seed.
         Mounting FUSE Control File System...
         Starting Apply Kernel Variables...
[[0;32m  OK  [0m] Mounted FUSE Control File System.
[[0;32m  OK  [0m] Started Set console keymap.
[    9.910267] systemd-journald[389]: Received request to flush runtime journal from PID 1
[[0;32m  OK  [0m] Started Flush Journal to Persistent Storage.
[[0;32m  OK  [0m] Started Create Static Device Nodes in /dev.
[[0;32m  OK  [0m] Started Apply Kernel Variables.
         Starting udev Kernel Device Manager...
[[0;32m  OK  [0m] Started udev Coldplug all Devices.
[[0;32m  OK  [0m] Started udev Kernel Device Manager.
[[0;32m  OK  [0m] Started Dispatch Password Requests to Console Directory Watch.
[[0;32m  OK  [0m] Started Monitoring of LVM2 mirrors,...ng dmeventd or progress polling.
[[0;32m  OK  [0m] Reached target Local File Systems (Pre).
[[0;32m  OK  [0m] Reached target Local File Systems.
         Starting LSB: AppArmor initialization...
         Starting Create Volatile Files and Directories...
         Starting Commit a transient machine-id on disk...
         Starting Tell Plymouth To Write Out Runtime Data...
         Starting Set console font and keymap...
         Starting Initial cloud-init job (pre-networking)...
[[0;32m  OK  [0m] Started Create Volatile Files and Directories.
         Starting Update UTMP about System Boot/Shutdown...
[[0;32m  OK  [0m] Started Tell Plymouth To Write Out Runtime Data.
[[0;32m  OK  [0m] Started Commit a transient machine-id on disk.
[[0;32m  OK  [0m] Started Update UTMP about System Boot/Shutdown.
[[0;32m  OK  [0m] Found device /dev/ttyS0.
[[0;32m  OK  [0m] Listening on Load/Save RF Kill Switch Status /dev/rfkill Watch.
[   13.140215] cloud-init[510]: Cloud-init v. 19.4-33-gbb4131a2-0ubuntu1~16.04.1 running 'init-local' at Thu, 26 Mar 2020 12:50:57 +0000. Up 12.04 seconds.
[[0;32m  OK  [0m] Started Initial cloud-init job (pre-networking).
[[0;32m  OK  [0m] Reached target Network (Pre).
[[0;32m  OK  [0m] Started Set console font and keymap.
[[0;32m  OK  [0m] Created slice system-getty.slice.
[[0;32m  OK  [0m] Started LSB: AppArmor initialization.
         Starting Raise network interfaces...
[[0;32m  OK  [0m] Started Raise network interfaces.
         Starting Initial cloud-init job (metadata service crawler)...
[[0;32m  OK  [0m] Reached target Network.
[   16.686154] cloud-init[955]: Cloud-init v. 19.4-33-gbb4131a2-0ubuntu1~16.04.1 running 'init' at Thu, 26 Mar 2020 12:51:01 +0000. Up 15.66 seconds.
[   16.696813] cloud-init[955]: ci-info: ++++++++++++++++++++++++++++++++++++Net device info++++++++++++++++++++++++++++++++++++
[   16.720641] cloud-init[955]: ci-info: +--------+------+------------------------+---------------+--------+-------------------+
[   16.733103] cloud-init[955]: ci-info: | Device |  Up  |        Address         |      Mask     | Scope  |     Hw-Address    |
[   16.735965] cloud-init[955]: ci-info: +--------+------+------------------------+---------------+--------+-------------------+
[   16.739784] cloud-init[955]: ci-info: | enp0s3 | True |       10.0.2.15        | 255.255.255.0 | global | 02:0e:0c:9a:00:f0 |
[   16.742466] cloud-init[955]: ci-info: | enp0s3 | True | fe80::e:cff:fe9a:f0/64 |       .       |  link  | 02:0e:0c:9a:00:f0 |
[   16.745495] cloud-init[955]: ci-info: |   lo   | True |       127.0.0.1        |   255.0.0.0   |  host  |         .         |
[   16.748387] cloud-init[955]: ci-info: |   lo   | True |        ::1/128         |       .       |  host  |         .         |
[   16.751399] cloud-init[955]: ci-info: +--------+------+------------------------+---------------+--------+-------------------+
[   16.754424] cloud-init[955]: ci-info: +++++++++++++++++++++++++++Route IPv4 info++++++++++++++++++++++++++++
[   16.757083] cloud-init[955]: ci-info: +-------+-------------+----------+---------------+-----------+-------+
[   16.759775] cloud-init[955]: ci-info: | Route | Destination | Gateway  |    Genmask    | Interface | Flags |
[   16.769366] cloud-init[955]: ci-info: +-------+-------------+----------+---------------+-----------+-------+
[   16.780886] cloud-init[955]: ci-info: |   0   |   0.0.0.0   | 10.0.2.2 |    0.0.0.0    |   enp0s3  |   UG  |
[   16.786384] cloud-init[955]: ci-info: |   1   |   10.0.2.0  | 0.0.0.0  | 255.255.255.0 |   enp0s3  |   U   |
[   16.811974] cloud-init[955]: ci-info: +-------+-------------+----------+---------------+-----------+-------+
[   16.817696] cloud-init[955]: ci-info: +++++++++++++++++++Route IPv6 info+++++++++++++++++++
[   16.828985] cloud-init[955]: ci-info: +-------+-------------+---------+-----------+-------+
[   16.832583] cloud-init[955]: ci-info: | Route | Destination | Gateway | Interface | Flags |
[   16.836139] cloud-init[955]: ci-info: +-------+-------------+---------+-----------+-------+
[   16.839144] cloud-init[955]: ci-info: |   0   |  fe80::/64  |    ::   |   enp0s3  |   U   |
[   16.848303] cloud-init[955]: ci-info: |   4   |   ff00::/8  |    ::   |   enp0s3  |   U   |
[   16.855790] cloud-init[955]: ci-info: +-------+-------------+---------+-----------+-------+
[   16.861059] cloud-init[955]: Generating public/private rsa key pair.
[   16.866200] cloud-init[955]: Your identification has been saved in /etc/ssh/ssh_host_rsa_key.
[   16.882848] cloud-init[955]: Your public key has been saved in /etc/ssh/ssh_host_rsa_key.pub.
[   16.885672] cloud-init[955]: The key fingerprint is:
[   16.888958] cloud-init[955]: SHA256:0rKqIXD5uqGuZhTjvDxxxPohk4PfXt6Z90lxB5TobmQ root@ubuntu-xenial
[   16.891100] cloud-init[955]: The key's randomart image is:
[   16.895318] cloud-init[955]: +---[RSA 2048]----+
[   16.904768] cloud-init[955]: |             ... |
[   16.911242] cloud-init[955]: |            ...  |
[   16.913098] cloud-init[955]: |  .        .  .  |
[   16.925886] cloud-init[955]: | o +   .    E  . |
[   16.929611] cloud-init[955]: |= O   o S  +. . .|
[   16.931500] cloud-init[955]: |o% +   +    oo . |
[   16.933863] cloud-init[955]: |+.@.o o    ..    |
[   16.935969] cloud-init[955]: | O.=.+ . o.. .   |
[   16.938030] cloud-init[955]: |B.=+o . +. .o    |
[   16.939693] cloud-init[955]: +----[SHA256]-----+
[   16.941420] cloud-init[955]: Generating public/private dsa key pair.
[   16.955566] cloud-init[955]: Your identification has been saved in /etc/ssh/ssh_host_dsa_key.
[   16.966090] cloud-init[955]: Your public key has been saved in /etc/ssh/ssh_host_dsa_key.pub.
[   16.969781] cloud-init[955]: The key fingerprint is:
[   16.972587] cloud-init[955]: SHA256:Oy+MgDwJhLhPSN0nHwrK4OykPL0u06TizpEcssXPTTk root@ubuntu-xenial
[   16.986092] cloud-init[955]: The key's randomart image is:
[   16.987934] cloud-init[955]: +---[DSA 1024]----+
[[0;32m  OK  [0m] Started Initial cloud-init job (metadata service crawler).
[[0;32m  OK  [0m] Reached target System Initialization.
[[0;32m  OK  [0m] Listening on UUID daemon activation socket.
[[0;32m  OK  [0m] Started Message of the Day.
[   16.991021] cloud-init[955]: |o . .            |
[   16.997119] cloud-init[955]: |+o o o o         |
[   16.997552] cloud-init[955]: |Bo. . = .        |
[   16.998390] cloud-init[955]: |+B.  . o         |
         Starting LXD - unix socket.
[[   16.999318] cloud-init[955]: |**+o  E S        |
[   17.002403] cloud-init[955]: |+*O=.o . .       |
[   17.002790] cloud-init[955]: |.+=.+..oo        |
[   17.003215] cloud-init[955]: |o+.o  . oo       |
[   17.003642] cloud-init[955]: |+++.     ..      |
[   17.004142] cloud-init[955]: +----[SHA256]-----+
[   17.004509] cloud-init[955]: Generating public/private ecdsa key pair.
[   17.004909] cloud-init[955]: Your identification has been saved in /etc/ssh/ssh_host_ecdsa_key.
[   17.005614] cloud-init[955]: Your public key has been saved in /etc/ssh/ssh_host_ecdsa_key.pub.
[   17.005986] cloud-init[955]: The key fingerprint is:
[0;32m  OK  [0m] Listening on D-Bus System Message Bus Socket.
[   17.006175] cloud-init[955]: SHA256:RLh/fBX5P03tWXCDu2YYqywDnqADxFgaOIsTvosEqmQ root@ubuntu-xenial
         Starting Socket activation for snappy daemon.
[[0;32m  OK  [0m[   17.013551] cloud-init[955]: The key's randomart image is:
[   17.018206] cloud-init[955]: +---[ECDSA 256]---+
[   17.019632] cloud-init[955]: |.      ..     .. |
[   17.020756] cloud-init[955]: |= .   ..     .+..|
[   17.025449] cloud-init[955]: |=B     ..     .=o|
[   17.027089] cloud-init[955]: |B+    ..   . .. =|
[   17.027166] cloud-init[955]: |+..    .S.  +..o=|
[   17.027234] cloud-init[955]: |oE . .  . oo.+ o+|
[   17.031285] cloud-init[955]: |B o o o ....o   .|
[   17.031508] cloud-init[955]: |o+   o o o       |
] Listening on ACPID Listen Socket.
[   17.031673] cloud-init[955]: |  .     o        |
[   17.038200] cloud-init[955]: +----[SHA256]-----+
[   17.044484] cloud-init[955]: Generating public/private ed25519 key pair.
[   17.046773] cloud-init[955]: Your identification has been saved in /etc/ssh/ssh_host_ed25519_key.
[   17.057179] cloud-init[955]: Your public key has been saved in /etc/ssh/ssh_host_ed25519_key.pub.
[   17.057501] cloud-init[955]: The key fingerprint is:
[   17.058552] cloud-init[955]: SHA256:h25McxYPISOr4viQhgxFhVrIdTc982d8drXDQEzuaJ8 root@ubuntu-xenial
[   17.060224] cloud-init[955]: The key's randomart image is:
[   17.060930] cloud-init[955]: +--[ED25519 256]--+
[   17.061676] cloud-init[955]: |..o+...o+ . +o   |
[   17.062991] cloud-init[955]: |.oo . .o.* ..o  .|
[   17.066996] cloud-init[955]: | o.   .   * ..o o|
[   17.068915] cloud-init[955]: |..   .   . =o+ *.|
[   17.069783] cloud-init[955]: |. . .   S +o+.o o|
[   17.070637] cloud-init[955]: |++ .   + =. . .  |
[   17.071456] cloud-init[955]: |=o.     +    E   |
[   17.073033] cloud-init[955]: |.o     .         |
[   17.073838] cloud-init[955]: |  .              |
[   17.074568] cloud-init[955]: +----[SHA256]-----+
[[0;32m  OK  [0m] Started ACPI Events Check.
[[0;32m  OK  [0m] Reached target Paths.
[[0;32m  OK  [0m] Started Daily Cleanup of Temporary Directories.
[[0;32m  OK  [0m] Started Daily apt download activities.
[[0;32m  OK  [0m] Started Daily apt upgrade and clean activities.
[[0;32m  OK  [0m] Reached target Timers.
[[0;32m  OK  [0m] Reached target Network is Online.
         Starting iSCSI initiator daemon (iscsid)...
[[0;32m  OK  [0m] Reached target Cloud-config availability.
[[0;32m  OK  [0m] Listening on LXD - unix socket.
[[0;32m  OK  [0m] Listening on Socket activation for snappy daemon.
[[0;32m  OK  [0m] Reached target Sockets.
[[0;32m  OK  [0m] Reached target Basic System.
         Starting Virtualbox guest utils...
         Starting Accounts Service...
         Starting Snappy daemon...
         Starting LSB: Record successful boot for GRUB...
[[0;32m  OK  [0m] Started Regular background program processing daemon.
         Starting LXD - container startup/shutdown...
[[0;32m  OK  [0m] Started D-Bus System Message Bus.
         Starting Pollinate to seed the pseudo random number generator...
         Starting Login Service...
[[0;32m  OK  [0m] Started ACPI event daemon.
         Starting LSB: MD monitoring daemon...
[[0;32m  OK  [0m] Started FUSE filesystem for LXC.
[[0;32m  OK  [0m] Started Deferred execution scheduler.
         Starting /etc/rc.local Compatibility...
         Starting System Logging Service...
[[0;32m  OK  [0m] Started /etc/rc.local Compatibility.
[[0;32m  OK  [0m] Started iSCSI initiator daemon (iscsid).
[[0;32m  OK  [0m] Started System Logging Service.
[[0;32m  OK  [0m] Started Login Service.
[[0;32m  OK  [0m] Started Unattended Upgrades Shutdown.
         Starting Authenticate and Authorize Users to Run Privileged Tasks...
         Starting Login to default iSCSI targets...
[[0;32m  OK  [0m] Started LSB: Record successful boot for GRUB.
[[0;32m  OK  [0m] Started LSB: MD monitoring daemon.
[[0;32m  OK  [0m] Started Authenticate and Authorize Users to Run Privileged Tasks.
[[0;32m  OK  [0m] Started Accounts Service.
[[0;32m  OK  [0m] Started Login to default iSCSI targets.
[[0;32m  OK  [0m] Reached target Remote File Systems (Pre).
[[0;32m  OK  [0m] Reached target Remote File Systems.
         Starting LSB: automatic crash report generation...
         Starting Permit User Sessions...
         Starting LSB: Set the CPU Frequency Scaling governor to "ondemand"...
         Starting LSB: daemon to balance interrupts for SMP systems...
[[0;32m  OK  [0m] Started Virtualbox guest utils.
[[0;32m  OK  [0m] Started LXD - container startup/shutdown.
[[0;32m  OK  [0m] Started Permit User Sessions.
         Starting Terminate Plymouth Boot Screen...
         Starting Hold until boot process finishes up...
[[0;32m  OK  [0m] Started Terminate Plymouth Boot Screen.
[[0;32m  OK  [0m] Started Hold until boot process finishes up.
[[0;32m  OK  [0m] Started Serial Getty on ttyS0.
[[0;32m  OK  [0m] Started Getty on tty1.
[[0;32m  OK  [0m] Reached target Login Prompts.
         Starting Set console scheme...
[[0;32m  OK  [0m] Started LSB: Set the CPU Frequency Scaling governor to "ondemand".
[[0;32m  OK  [0m] Started Set console scheme.
[[0;32m  OK  [0m] Started LSB: daemon to balance interrupts for SMP systems.
[[0;32m  OK  [0m] Started Snappy daemon.
         Starting Wait until snapd is fully seeded...
[[0;32m  OK  [0m] Started LSB: automatic crash report generation.
[[0;32m  OK  [0m] Started Pollinate to seed the pseudo random number generator.
         Starting OpenBSD Secure Shell server...
[[0;32m  OK  [0m] Started OpenBSD Secure Shell server.
[[0;32m  OK  [0m] Created slice User Slice of vagrant.
         Starting User Manager for UID 1000...
[[0;32m  OK  [0m] Started Session 1 of user vagrant.
[[0;32m  OK  [0m] Started User Manager for UID 1000.
[[0;32m  OK  [0m] Started Wait until snapd is fully seeded.
         Starting Apply the settings specified in cloud-config...
[[0;32m  OK  [0m] Reached target Multi-User System.
[[0;32m  OK  [0m] Reached target Graphical Interface.
         Starting Update UTMP about System Runlevel Changes...
[[0;32m  OK  [0m] Started Update UTMP about System Runlevel Changes.
[   20.002545] cloud-init[1332]: Generating locales (this might take a while)...
[   21.921357] cloud-init[1332]:   en_US.UTF-8... done
[   21.923873] cloud-init[1332]: Generation complete.
[   22.404041] cloud-init[1332]: Cloud-init v. 19.4-33-gbb4131a2-0ubuntu1~16.04.1 running 'modules:config' at Thu, 26 Mar 2020 12:51:05 +0000. Up 19.72 seconds.
[[0;32m  OK  [0m] Started Apply the settings specified in cloud-config.
         Starting Execute cloud user/final scripts...
ci-info: no authorized SSH keys fingerprints found for user ubuntu.
<14>Mar 26 12:51:08 ec2: 
<14>Mar 26 12:51:08 ec2: #############################################################
<14>Mar 26 12:51:08 ec2: -----BEGIN SSH HOST KEY FINGERPRINTS-----
<14>Mar 26 12:51:08 ec2: 1024 SHA256:Oy+MgDwJhLhPSN0nHwrK4OykPL0u06TizpEcssXPTTk root@ubuntu-xenial (DSA)
<14>Mar 26 12:51:08 ec2: 256 SHA256:RLh/fBX5P03tWXCDu2YYqywDnqADxFgaOIsTvosEqmQ root@ubuntu-xenial (ECDSA)
<14>Mar 26 12:51:08 ec2: 256 SHA256:h25McxYPISOr4viQhgxFhVrIdTc982d8drXDQEzuaJ8 root@ubuntu-xenial (ED25519)
<14>Mar 26 12:51:08 ec2: 2048 SHA256:0rKqIXD5uqGuZhTjvDxxxPohk4PfXt6Z90lxB5TobmQ root@ubuntu-xenial (RSA)
<14>Mar 26 12:51:08 ec2: -----END SSH HOST KEY FINGERPRINTS-----
<14>Mar 26 12:51:08 ec2: #############################################################
-----BEGIN SSH HOST KEY KEYS-----
ecdsa-sha2-nistp256 AAAAE2VjZHNhLXNoYTItbmlzdHAyNTYAAAAIbmlzdHAyNTYAAABBBDc9QgdNfPJC5Mdo8O3a/UmpU246lx6apGu8XCpIReErsMxENDwijKF7f9hpxDUVEyQH//d0q96ONlVZHfvF7/M= root@ubuntu-xenial
ssh-ed25519 AAAAC3NzaC1lZDI1NTE5AAAAIGSfRU1ld2KfHoqpsncCuB+1xr1kWXNypVR4Cw0ITiv9 root@ubuntu-xenial
ssh-rsa AAAAB3NzaC1yc2EAAAADAQABAAABAQDHS9K0fdv96xTKqaMT2PM88IiGcTUB6Qk1F8C52oI6vtAUR+4jfFDlXYR2Uqd+4ekuUsjOUQhB2TnYQ/broVlPCUu5LOxgyvNEhCtxGHM4uWwKSEBBAMAuQoo8McF+w9QbrcKrpIpocHSHa19g5Ahs/+zroNwVas8II1p7uJioSDvq7K9U3jNSKg/PB+ItMYT94MJt89Uvd5Vhw+sBia+TxpFVXSNoBE6w8MvXsBqwiQW+86eZwpAXWODibcsO6BecU559ApF+ivXu2jA46Ocp//pooHpnZ1AGNcCNnYweOvj1Itj6PsBnMbtccW1VXV0hGKAGMytosEExmXQeyaIV root@ubuntu-xenial
-----END SSH HOST KEY KEYS-----
[   23.579114] cloud-init[1518]: Cloud-init v. 19.4-33-gbb4131a2-0ubuntu1~16.04.1 running 'modules:final' at Thu, 26 Mar 2020 12:51:08 +0000. Up 23.26 seconds.
[   23.579498] cloud-init[1518]: ci-info: no authorized SSH keys fingerprints found for user ubuntu.
[   23.579805] cloud-init[1518]: Cloud-init v. 19.4-33-gbb4131a2-0ubuntu1~16.04.1 finished at Thu, 26 Mar 2020 12:51:08 +0000. Datasource DataSourceNoCloud [seed=/dev/sdb][dsmode=net].  Up 23.55 seconds

Ubuntu 16.04.6 LTS ubuntu-xenial ttyS0

ubuntu-xenial login: [[0;32m  OK  [0m] Stopped target Timers.
[[0;32m  OK  [0m] Stopped target Cloud-init target.
[[0;32m  OK  [0m] Stopped Execute cloud user/final scripts.
[[0;32m  OK  [0m] Stopped Apply the settings specified in cloud-config.
         Stopping Session 3 of user vagrant.
         Stopping User Manager for UID 1000...
         Stopping ACPI event daemon...
[[0;32m  OK  [0m] Stopped target Cloud-config availability.
[[0;32m  OK  [0m] Stopped target Graphical Interface.
[[0;32m  OK  [0m] Stopped target Multi-User System.
         Stopping FUSE filesystem for LXC...
         Stopping D-Bus System Message Bus...
         Stopping Deferred execution scheduler...
         Stopping Regular background program processing daemon...
         Stopping OpenBSD Secure Shell server...
[[0;32m  OK  [0m] Stopped target Login Prompts.
         Stopping Unattended Upgrades Shutdown...
[[0;32m  OK  [0m] Stopped Wait until snapd is fully seeded.
         Stopping Accounts Service...
         Stopping LSB: Apache2 web server...
[[0;32m  OK  [0m] Stopped Daily Cleanup of Temporary Directories.
[[0;32m  OK  [0m] Stopped Message of the Day.
         Stopping LSB: daemon to balance interrupts for SMP systems...
         Stopping LSB: MD monitoring daemon...
         Stopping Virtualbox guest utils...
         Stopping LSB: automatic crash report generation...
         Stopping LXD - container startup/shutdown...
         Stopping System Logging Service...
         Stopping LSB: Record successful boot for GRUB...
         Stopping Authenticate and Authorize Users to Run Privileged Tasks...
         Stopping LSB: Set the CPU Frequency Scaling governor to "ondemand"...
         Stopping Getty on tty1...
         Stopping Serial Getty on ttyS0...
[[0;32m  OK  [0m] Stopped Daily apt upgrade and clean activities.
[[0;32m  OK  [0m] Stopped Daily apt download activities.
[[0;32m  OK  [0m] Stopped target System Time Synchronized.
[[0;32m  OK  [0m] Closed Load/Save RF Kill Switch Status /dev/rfkill Watch.
[[0;32m  OK  [0m] Unmounted /var/lib/lxcfs.
[[0;32m  OK  [0m] Stopped Accounts Service.
[[0;32m  OK  [0m] Stopped Regular background program processing daemon.
[[0;32m  OK  [0m] Stopped ACPI event daemon.
[[0;32m  OK  [0m] Stopped Deferred execution scheduler.
[[0;32m  OK  [0m] Stopped System Logging Service.
[[0;32m  OK  [0m] Stopped Authenticate and Authorize Users to Run Privileged Tasks.
[[0;32m  OK  [0m] Stopped Serial Getty on ttyS0.
[[0;32m  OK  [0m] Stopped Getty on tty1.
[[0;32m  OK  [0m] Stopped Unattended Upgrades Shutdown.
[[0;32m  OK  [0m] Stopped OpenBSD Secure Shell server.
[[0;32m  OK  [0m] Stopped User Manager for UID 1000.
[[0;32m  OK  [0m] Stopped Session 3 of user vagrant.
[[0;32m  OK  [0m] Stopped D-Bus System Message Bus.
[[0;32m  OK  [0m] Stopped FUSE filesystem for LXC.
[[0;32m  OK  [0m] Stopped LXD - container startup/shutdown.
[[0;32m  OK  [0m] Stopped LSB: daemon to balance interrupts for SMP systems.
[[0;32m  OK  [0m] Stopped LSB: MD monitoring daemon.
[[0;32m  OK  [0m] Removed slice User Slice of vagrant.
         Stopping Login Service...
[[0;32m  OK  [0m] Removed slice system-getty.slice.
[[0;32m  OK  [0m] Stopped /etc/rc.local Compatibility.
[[0;32m  OK  [0m] Removed slice system-serial\x2dgetty.slice.
         Stopping Permit User Sessions...
[[0;32m  OK  [0m] Stopped LSB: automatic crash report generation.
[[0;32m  OK  [0m] Stopped LSB: Record successful boot for GRUB.
[[0;32m  OK  [0m] Stopped LSB: Set the CPU Frequency Scaling governor to "ondemand".
[[0;32m  OK  [0m] Stopped Permit User Sessions.
[[0;32m  OK  [0m] Stopped Virtualbox guest utils.
[[0;32m  OK  [0m] Stopped Login Service.
[[0;32m  OK  [0m] Stopped target User and Group Name Lookups.
[[0;32m  OK  [0m] Stopped LSB: Apache2 web server.
[[0;32m  OK  [0m] Stopped target Basic System.
[[0;32m  OK  [0m] Stopped target Paths.
[[0;32m  OK  [0m] Stopped Forward Password Requests to Wall Directory Watch.
[[0;32m  OK  [0m] Stopped Dispatch Password Requests to Console Directory Watch.
[[0;32m  OK  [0m] Stopped ACPI Events Check.
[[0;32m  OK  [0m] Stopped target Slices.
[[0;32m  OK  [0m] Removed slice User and Session Slice.
[[0;32m  OK  [0m] Stopped target Sockets.
[[0;32m  OK  [0m] Closed Socket activation for snappy daemon.
[[0;32m  OK  [0m] Closed LXD - unix socket.
[[0;32m  OK  [0m] Closed Syslog Socket.
[[0;32m  OK  [0m] Closed ACPID Listen Socket.
[[0;32m  OK  [0m] Closed D-Bus System Message Bus Socket.
[[0;32m  OK  [0m] Closed UUID daemon activation socket.
[[0;32m  OK  [0m] Stopped target Remote File Systems.
[[0;32m  OK  [0m] Stopped target Remote File Systems (Pre).
         Stopping Login to default iSCSI targets...
[[0;32m  OK  [0m] Stopped target System Initialization.
         Stopping Load/Save Random Seed...
[[0;32m  OK  [0m] Stopped target Swap.
[[0;32m  OK  [0m] Stopped Commit a transient machine-id on disk.
[[0;32m  OK  [0m] Stopped Create Volatile Files and Directories.
[[0;32m  OK  [0m] Stopped target Encrypted Volumes.
[[0;32m  OK  [0m] Stopped Load/Save Random Seed.
[[0;32m  OK  [0m] Stopped Login to default iSCSI targets.
         Stopping iSCSI initiator daemon (iscsid)...
[[0;32m  OK  [0m] Stopped iSCSI initiator daemon (iscsid).
[[0;32m  OK  [0m] Stopped target Network is Online.
[[0;32m  OK  [0m] Stopped Initial cloud-init job (metadata service crawler).
[[0;32m  OK  [0m] Stopped target Network.
         Stopping Raise network interfaces...
[[0;32m  OK  [0m] Stopped Raise network interfaces.
[[0;32m  OK  [0m] Stopped Apply Kernel Variables.
[[0;32m  OK  [0m] Stopped target Network (Pre).
[[0;32m  OK  [0m] Stopped Initial cloud-init job (pre-networking).
[[0;32m  OK  [0m] Stopped target Local File Systems.
         Unmounting /var/www/html...
         Unmounting /run/user/1000...
[[0;32m  OK  [0m] Stopped Load Kernel Modules.
[[0;32m  OK  [0m] Unmounted /var/www/html.
[[0;32m  OK  [0m] Unmounted /run/user/1000.
[[0;32m  OK  [0m] Reached target Unmount All Filesystems.
[[0;32m  OK  [0m] Stopped target Local File Systems (Pre).
         Stopping Monitoring of LVM2 mirrors... dmeventd or progress polling...
[[0;32m  OK  [0m] Stopped Create Static Device Nodes in /dev.
[[0;32m  OK  [0m] Stopped Remount Root and Kernel File Systems.
[[0;32m  OK  [0m] Reached target Shutdown.
[  141.300278] reboot: Power down
