[    0.000000] Initializing cgroup subsys cpuset
[    0.000000] Initializing cgroup subsys cpu
[    0.000000] Initializing cgroup subsys cpuacct
[    0.000000] Linux version 4.4.0-176-generic (buildd@lgw01-amd64-035) (gcc version 5.4.0 20160609 (Ubuntu 5.4.0-6ubuntu1~16.04.12) ) #206-Ubuntu SMP Fri Feb 28 05:02:04 UTC 2020 (Ubuntu 4.4.0-176.206-generic 4.4.211)
[    0.000000] Command line: BOOT_IMAGE=/boot/vmlinuz-4.4.0-176-generic root=UUID=3bda5ecb-45e7-4190-b7c8-0d4f527f03d6 ro console=tty1 console=ttyS0
[    0.000000] KERNEL supported cpus:
[    0.000000]   Intel GenuineIntel
[    0.000000]   AMD AuthenticAMD
[    0.000000]   Centaur CentaurHauls
[    0.000000] x86/fpu: xstate_offset[2]:  576, xstate_sizes[2]:  256
[    0.000000] x86/fpu: Supporting XSAVE feature 0x01: 'x87 floating point registers'
[    0.000000] x86/fpu: Supporting XSAVE feature 0x02: 'SSE registers'
[    0.000000] x86/fpu: Supporting XSAVE feature 0x04: 'AVX registers'
[    0.000000] x86/fpu: Enabled xstate features 0x7, context size is 832 bytes, using 'standard' format.
[    0.000000] e820: BIOS-provided physical RAM map:
[    0.000000] BIOS-e820: [mem 0x0000000000000000-0x000000000009fbff] usable
[    0.000000] BIOS-e820: [mem 0x000000000009fc00-0x000000000009ffff] reserved
[    0.000000] BIOS-e820: [mem 0x00000000000f0000-0x00000000000fffff] reserved
[    0.000000] BIOS-e820: [mem 0x0000000000100000-0x000000001ffeffff] usable
[    0.000000] BIOS-e820: [mem 0x000000001fff0000-0x000000001fffffff] ACPI data
[    0.000000] BIOS-e820: [mem 0x00000000fec00000-0x00000000fec00fff] reserved
[    0.000000] BIOS-e820: [mem 0x00000000fee00000-0x00000000fee00fff] reserved
[    0.000000] BIOS-e820: [mem 0x00000000fffc0000-0x00000000ffffffff] reserved
[    0.000000] NX (Execute Disable) protection: active
[    0.000000] SMBIOS 2.5 present.
[    0.000000] Hypervisor detected: KVM
[    0.000000] e820: last_pfn = 0x1fff0 max_arch_pfn = 0x400000000
[    0.000000] MTRR: Disabled
[    0.000000] x86/PAT: MTRRs disabled, skipping PAT initialization too.
[    0.000000] CPU MTRRs all blank - virtualized system.
[    0.000000] x86/PAT: Configuration [0-7]: WB  WT  UC- UC  WB  WT  UC- UC  
[    0.000000] found SMP MP-table at [mem 0x0009fff0-0x0009ffff] mapped at [ffff88000009fff0]
[    0.000000] Scanning 1 areas for low memory corruption
[    0.000000] RAMDISK: [mem 0x1e7cc000-0x1f6ddfff]
[    0.000000] ACPI: Early table checksum verification disabled
[    0.000000] ACPI: RSDP 0x00000000000E0000 000024 (v02 VBOX  )
[    0.000000] ACPI: XSDT 0x000000001FFF0030 00003C (v01 VBOX   VBOXXSDT 00000001 ASL  00000061)
[    0.000000] ACPI: FACP 0x000000001FFF00F0 0000F4 (v04 VBOX   VBOXFACP 00000001 ASL  00000061)
[    0.000000] ACPI: DSDT 0x000000001FFF0470 002325 (v02 VBOX   VBOXBIOS 00000002 INTL 20100528)
[    0.000000] ACPI: FACS 0x000000001FFF0200 000040
[    0.000000] ACPI: FACS 0x000000001FFF0200 000040
[    0.000000] ACPI: APIC 0x000000001FFF0240 00005C (v02 VBOX   VBOXAPIC 00000001 ASL  00000061)
[    0.000000] ACPI: SSDT 0x000000001FFF02A0 0001CC (v01 VBOX   VBOXCPUT 00000002 INTL 20100528)
[    0.000000] No NUMA configuration found
[    0.000000] Faking a node at [mem 0x0000000000000000-0x000000001ffeffff]
[    0.000000] NODE_DATA(0) allocated [mem 0x1ffeb000-0x1ffeffff]
[    0.000000] kvm-clock: Using msrs 4b564d01 and 4b564d00
[    0.000000] kvm-clock: cpu 0, msr 0:1ffe3001, primary cpu clock
[    0.000000] kvm-clock: using sched offset of 3773960980 cycles
[    0.000000] clocksource: kvm-clock: mask: 0xffffffffffffffff max_cycles: 0x1cd42e4dffb, max_idle_ns: 881590591483 ns
[    0.000000] Zone ranges:
[    0.000000]   DMA      [mem 0x0000000000001000-0x0000000000ffffff]
[    0.000000]   DMA32    [mem 0x0000000001000000-0x000000001ffeffff]
[    0.000000]   Normal   empty
[    0.000000]   Device   empty
[    0.000000] Movable zone start for each node
[    0.000000] Early memory node ranges
[    0.000000]   node   0: [mem 0x0000000000001000-0x000000000009efff]
[    0.000000]   node   0: [mem 0x0000000000100000-0x000000001ffeffff]
[    0.000000] Initmem setup node 0 [mem 0x0000000000001000-0x000000001ffeffff]
[    0.000000] ACPI: PM-Timer IO Port: 0x4008
[    0.000000] IOAPIC[0]: apic_id 2, version 32, address 0xfec00000, GSI 0-23
[    0.000000] ACPI: INT_SRC_OVR (bus 0 bus_irq 0 global_irq 2 dfl dfl)
[    0.000000] ACPI: INT_SRC_OVR (bus 0 bus_irq 9 global_irq 9 low level)
[    0.000000] Using ACPI (MADT) for SMP configuration information
[    0.000000] smpboot: Allowing 2 CPUs, 0 hotplug CPUs
[    0.000000] PM: Registered nosave memory: [mem 0x00000000-0x00000fff]
[    0.000000] PM: Registered nosave memory: [mem 0x0009f000-0x0009ffff]
[    0.000000] PM: Registered nosave memory: [mem 0x000a0000-0x000effff]
[    0.000000] PM: Registered nosave memory: [mem 0x000f0000-0x000fffff]
[    0.000000] e820: [mem 0x20000000-0xfebfffff] available for PCI devices
[    0.000000] Booting paravirtualized kernel on KVM
[    0.000000] clocksource: refined-jiffies: mask: 0xffffffff max_cycles: 0xffffffff, max_idle_ns: 7645519600211568 ns
[    0.000000] setup_percpu: NR_CPUS:512 nr_cpumask_bits:512 nr_cpu_ids:2 nr_node_ids:1
[    0.000000] PERCPU: Embedded 33 pages/cpu @ffff88001fc00000 s95448 r8192 d31528 u1048576
[    0.000000] Built 1 zonelists in Node order, mobility grouping on.  Total pages: 128888
[    0.000000] Policy zone: DMA32
[    0.000000] Kernel command line: BOOT_IMAGE=/boot/vmlinuz-4.4.0-176-generic root=UUID=3bda5ecb-45e7-4190-b7c8-0d4f527f03d6 ro console=tty1 console=ttyS0
[    0.000000] PID hash table entries: 2048 (order: 2, 16384 bytes)
[    0.000000] Memory: 481040K/523832K available (8626K kernel code, 1336K rwdata, 4032K rodata, 1488K init, 1292K bss, 42792K reserved, 0K cma-reserved)
[    0.000000] SLUB: HWalign=64, Order=0-3, MinObjects=0, CPUs=2, Nodes=1
[    0.000000] Kernel/User page tables isolation: enabled
[    0.000000] Hierarchical RCU implementation.
[    0.000000] 	Build-time adjustment of leaf fanout to 64.
[    0.000000] 	RCU restricting CPUs from NR_CPUS=512 to nr_cpu_ids=2.
[    0.000000] RCU: Adjusting geometry for rcu_fanout_leaf=64, nr_cpu_ids=2
[    0.000000] NR_IRQS:33024 nr_irqs:440 16
[    0.000000] Console: colour VGA+ 80x25
[    0.000000] console [tty1] enabled
[    0.000000] console [ttyS0] enabled
[    0.000000] tsc: Detected 2496.000 MHz processor
[    0.242912] Calibrating delay loop (skipped) preset value.. 4992.00 BogoMIPS (lpj=9984000)
[    0.245307] pid_max: default: 32768 minimum: 301
[    0.246657] ACPI: Core revision 20150930
[    0.250628] ACPI: 2 ACPI AML tables successfully acquired and loaded
[    0.253050] Security Framework initialized
[    0.254748] Yama: becoming mindful.
[    0.256210] AppArmor: AppArmor initialized
[    0.257877] Dentry cache hash table entries: 65536 (order: 7, 524288 bytes)
[    0.263804] Inode-cache hash table entries: 32768 (order: 6, 262144 bytes)
[    0.266333] Mount-cache hash table entries: 1024 (order: 1, 8192 bytes)
[    0.268627] Mountpoint-cache hash table entries: 1024 (order: 1, 8192 bytes)
[    0.271219] Initializing cgroup subsys io
[    0.273289] Initializing cgroup subsys memory
[    0.274972] Initializing cgroup subsys devices
[    0.276648] Initializing cgroup subsys freezer
[    0.278325] Initializing cgroup subsys net_cls
[    0.280261] Initializing cgroup subsys perf_event
[    0.282202] Initializing cgroup subsys net_prio
[    0.284064] Initializing cgroup subsys hugetlb
[    0.286034] Initializing cgroup subsys pids
[    0.288921] mce: CPU supports 0 MCE banks
[    0.290511] Last level iTLB entries: 4KB 64, 2MB 8, 4MB 8
[    0.292500] Last level dTLB entries: 4KB 64, 2MB 0, 4MB 0, 1GB 4
[    0.294168] Spectre V1 : Mitigation: usercopy/swapgs barriers and __user pointer sanitization
[    0.297237] Spectre V2 : Mitigation: Full generic retpoline
[    0.299480] Spectre V2 : Spectre v2 / SpectreRSB mitigation: Filling RSB on context switch
[    0.302667] Speculative Store Bypass: Vulnerable
[    0.304648] MDS: Vulnerable: Clear CPU buffers attempted, no microcode
[    0.311014] Freeing SMP alternatives memory: 36K
[    0.320764] ftrace: allocating 32305 entries in 127 pages
[    0.410862] smpboot: APIC(0) Converting physical 0 to logical package 0
[    0.413102] smpboot: Max logical packages: 1
[    0.415331] x2apic enabled
[    0.417060] Switched APIC routing to physical x2apic.
[    0.420377] ..TIMER: vector=0x30 apic1=0 pin1=2 apic2=-1 pin2=-1
[    0.530117] smpboot: CPU0: Intel(R) Core(TM) i5-6300U CPU @ 2.40GHz (family: 0x6, model: 0x4e, stepping: 0x3)
[    0.533996] Performance Events: unsupported p6 CPU model 78 no PMU driver, software events only.
[    0.550434] KVM setup paravirtual spinlock
[    0.552399] x86: Booting SMP configuration:
[    0.553593] .... node  #0, CPUs:      #1
[    0.554827] kvm-clock: cpu 1, msr 0:1ffe3041, secondary cpu clock
[    0.557323] mce: CPU supports 0 MCE banks
[    0.560171] x86: Booted up 1 node, 2 CPUs
[    0.562223] smpboot: Total of 2 processors activated (9984.00 BogoMIPS)
[    0.568972] devtmpfs: initialized
[    0.572209] evm: security.selinux
[    0.573680] evm: security.SMACK64
[    0.575190] evm: security.SMACK64EXEC
[    0.576781] evm: security.SMACK64TRANSMUTE
[    0.578662] evm: security.SMACK64MMAP
[    0.580207] evm: security.ima
[    0.581235] evm: security.capability
[    0.582898] clocksource: jiffies: mask: 0xffffffff max_cycles: 0xffffffff, max_idle_ns: 7645041785100000 ns
[    0.586885] futex hash table entries: 512 (order: 3, 32768 bytes)
[    0.589529] pinctrl core: initialized pinctrl subsystem
[    0.591649] RTC time:  7:29:29, date: 03/30/20
[    0.593110] NET: Registered protocol family 16
[    0.608938] cpuidle: using governor ladder
[    0.623565] cpuidle: using governor menu
[    0.625250] PCCT header not found.
[    0.626873] ACPI: bus type PCI registered
[    0.628613] acpiphp: ACPI Hot Plug PCI Controller Driver version: 0.5
[    0.631255] PCI: Using configuration type 1 for base access
[    0.648632] ACPI: Added _OSI(Module Device)
[    0.650575] ACPI: Added _OSI(Processor Device)
[    0.652420] ACPI: Added _OSI(3.0 _SCP Extensions)
[    0.654145] ACPI: Added _OSI(Processor Aggregator Device)
[    0.657198] ACPI: Executed 1 blocks of module-level executable AML code
[    0.664193] ACPI: Interpreter enabled
[    0.666091] ACPI: (supports S0 S5)
[    0.667761] ACPI: Using IOAPIC for interrupt routing
[    0.669371] PCI: Using host bridge windows from ACPI; if necessary, use "pci=nocrs" and report a bug
[    0.679808] ACPI: PCI Root Bridge [PCI0] (domain 0000 [bus 00-ff])
[    0.681951] acpi PNP0A03:00: _OSC: OS supports [ASPM ClockPM Segments MSI]
[    0.685442] acpi PNP0A03:00: _OSC: not requesting OS control; OS requires [ExtendedConfig ASPM ClockPM MSI]
[    0.689754] acpi PNP0A03:00: fail to add MMCONFIG information, can't access extended PCI configuration space under this bridge.
[    0.694603] PCI host bridge to bus 0000:00
[    0.696328] pci_bus 0000:00: root bus resource [io  0x0000-0x0cf7 window]
[    0.699141] pci_bus 0000:00: root bus resource [io  0x0d00-0xffff window]
[    0.701001] pci_bus 0000:00: root bus resource [mem 0x000a0000-0x000bffff window]
[    0.703681] pci_bus 0000:00: root bus resource [mem 0x20000000-0xfdffffff window]
[    0.705962] pci_bus 0000:00: root bus resource [bus 00-ff]
[    0.709946] pci 0000:00:01.1: legacy IDE quirk: reg 0x10: [io  0x01f0-0x01f7]
[    0.712413] pci 0000:00:01.1: legacy IDE quirk: reg 0x14: [io  0x03f6]
[    0.714156] pci 0000:00:01.1: legacy IDE quirk: reg 0x18: [io  0x0170-0x0177]
[    0.716976] pci 0000:00:01.1: legacy IDE quirk: reg 0x1c: [io  0x0376]
[    0.752586] pci 0000:00:07.0: quirk: [io  0x4000-0x403f] claimed by PIIX4 ACPI
[    0.755748] pci 0000:00:07.0: quirk: [io  0x4100-0x410f] claimed by PIIX4 SMB
[    0.764206] ACPI: PCI Interrupt Link [LNKA] (IRQs 5 9 10 *11)
[    0.768046] ACPI: PCI Interrupt Link [LNKB] (IRQs 5 9 *10 11)
[    0.770320] ACPI: PCI Interrupt Link [LNKC] (IRQs 5 *9 10 11)
[    0.772534] ACPI: PCI Interrupt Link [LNKD] (IRQs 5 9 10 *11)
[    0.774731] ACPI: Enabled 2 GPEs in block 00 to 07
[    0.776656] vgaarb: setting as boot device: PCI:0000:00:02.0
[    0.778631] vgaarb: device added: PCI:0000:00:02.0,decodes=io+mem,owns=io+mem,locks=none
[    0.781833] vgaarb: loaded
[    0.783089] vgaarb: bridge control possible 0000:00:02.0
[    0.785319] SCSI subsystem initialized
[    0.787134] ACPI: bus type USB registered
[    0.788912] usbcore: registered new interface driver usbfs
[    0.790912] usbcore: registered new interface driver hub
[    0.792799] usbcore: registered new device driver usb
[    0.794621] PCI: Using ACPI for IRQ routing
[    0.796527] NetLabel: Initializing
[    0.798038] NetLabel:  domain hash size = 128
[    0.799455] NetLabel:  protocols = UNLABELED CIPSOv4
[    0.800984] NetLabel:  unlabeled traffic allowed by default
[    0.803157] amd_nb: Cannot enumerate AMD northbridges
[    0.805398] clocksource: Switched to clocksource kvm-clock
[    0.821216] AppArmor: AppArmor Filesystem Enabled
[    0.823276] pnp: PnP ACPI init
[    0.825699] pnp: PnP ACPI: found 3 devices
[    0.841216] clocksource: acpi_pm: mask: 0xffffff max_cycles: 0xffffff, max_idle_ns: 2085701024 ns
[    0.844957] NET: Registered protocol family 2
[    0.846944] TCP established hash table entries: 4096 (order: 3, 32768 bytes)
[    0.849720] TCP bind hash table entries: 4096 (order: 4, 65536 bytes)
[    0.852095] TCP: Hash tables configured (established 4096 bind 4096)
[    0.854607] UDP hash table entries: 256 (order: 1, 8192 bytes)
[    0.856943] UDP-Lite hash table entries: 256 (order: 1, 8192 bytes)
[    0.859459] NET: Registered protocol family 1
[    0.861158] pci 0000:00:00.0: Limiting direct PCI/PCI transfers
[    0.863261] pci 0000:00:01.0: Activating ISA DMA hang workarounds
[    0.869307] Unpacking initramfs...
[    1.208874] Freeing initrd memory: 15432K
[    1.210263] clocksource: tsc: mask: 0xffffffffffffffff max_cycles: 0x23fa772cf26, max_idle_ns: 440795269835 ns
[    1.213172] platform rtc_cmos: registered platform RTC device (no PNP device found)
[    1.218647] Scanning for low memory corruption every 60 seconds
[    1.220713] audit: initializing netlink subsys (disabled)
[    1.222380] audit: type=2000 audit(1585553374.668:1): initialized
[    1.224246] Initialise system trusted keyring
[    1.225650] HugeTLB registered 2 MB page size, pre-allocated 0 pages
[    1.228823] zbud: loaded
[    1.230123] VFS: Disk quotas dquot_6.6.0
[    1.231446] VFS: Dquot-cache hash table entries: 512 (order 0, 4096 bytes)
[    1.233884] squashfs: version 4.0 (2009/01/31) Phillip Lougher
[    1.236826] fuse init (API version 7.23)
[    1.239226] Key type big_key registered
[    1.240807] Allocating IMA MOK and blacklist keyrings.
[    1.244470] Key type asymmetric registered
[    1.246077] Asymmetric key parser 'x509' registered
[    1.247983] Block layer SCSI generic (bsg) driver version 0.4 loaded (major 249)
[    1.250990] io scheduler noop registered
[    1.252687] io scheduler deadline registered (default)
[    1.254838] io scheduler cfq registered
[    1.256618] pci_hotplug: PCI Hot Plug PCI Core version: 0.5
[    1.258917] pciehp: PCI Express Hot Plug Controller Driver version: 0.4
[    1.261729] ACPI: AC Adapter [AC] (on-line)
[    1.263672] input: Power Button as /devices/LNXSYSTM:00/LNXPWRBN:00/input/input0
[    1.265922] ACPI: Power Button [PWRF]
[    1.267106] input: Sleep Button as /devices/LNXSYSTM:00/LNXSLPBN:00/input/input1
[    1.269271] ACPI: Sleep Button [SLPF]
[    1.272145] ACPI: Battery Slot [BAT0] (battery present)
[    1.274465] GHES: HEST is not enabled!
[    1.276243] Serial: 8250/16550 driver, 32 ports, IRQ sharing enabled
[    1.299678] 00:02: ttyS0 at I/O 0x3f8 (irq = 4, base_baud = 115200) is a 16550A
[    1.306553] Linux agpgart interface v0.103
[    1.311045] loop: module loaded
[    1.313254] scsi host0: ata_piix
[    1.314964] scsi host1: ata_piix
[    1.316054] ata1: PATA max UDMA/33 cmd 0x1f0 ctl 0x3f6 bmdma 0xd000 irq 14
[    1.317863] ata2: PATA max UDMA/33 cmd 0x170 ctl 0x376 bmdma 0xd008 irq 15
[    1.319834] libphy: Fixed MDIO Bus: probed
[    1.321429] tun: Universal TUN/TAP device driver, 1.6
[    1.323236] tun: (C) 1999-2004 Max Krasnyansky <maxk@qualcomm.com>
[    1.325563] PPP generic driver version 2.4.2
[    1.327436] ehci_hcd: USB 2.0 'Enhanced' Host Controller (EHCI) Driver
[    1.330123] ehci-pci: EHCI PCI platform driver
[    1.331996] ehci-platform: EHCI generic platform driver
[    1.334158] ohci_hcd: USB 1.1 'Open' Host Controller (OHCI) Driver
[    1.336772] ohci-pci: OHCI PCI platform driver
[    1.338530] ohci-platform: OHCI generic platform driver
[    1.340426] uhci_hcd: USB Universal Host Controller Interface driver
[    1.343046] i8042: PNP: PS/2 Controller [PNP0303:PS2K,PNP0f03:PS2M] at 0x60,0x64 irq 1,12
[    1.347308] serio: i8042 KBD port at 0x60,0x64 irq 1
[    1.349355] serio: i8042 AUX port at 0x60,0x64 irq 12
[    1.351611] mousedev: PS/2 mouse device common for all mice
[    1.354120] input: AT Translated Set 2 keyboard as /devices/platform/i8042/serio0/input/input2
[    1.357107] rtc_cmos rtc_cmos: rtc core: registered rtc_cmos as rtc0
[    1.359656] rtc_cmos rtc_cmos: alarms up to one day, 114 bytes nvram
[    1.361807] i2c /dev entries driver
[    1.363424] device-mapper: uevent: version 1.0.3
[    1.365539] device-mapper: ioctl: 4.34.0-ioctl (2015-10-28) initialised: dm-devel@redhat.com
[    1.369286] ledtrig-cpu: registered to indicate activity on CPUs
[    1.372008] NET: Registered protocol family 10
[    1.374174] NET: Registered protocol family 17
[    1.376070] Key type dns_resolver registered
[    1.378434] registered taskstats version 1
[    1.380343] Loading compiled-in X.509 certificates
[    1.382968] Loaded X.509 cert 'Build time autogenerated kernel key: c2b7431ed9258328a3a0cf301f850647788d8e61'
[    1.386971] zswap: loaded using pool lzo/zbud
[    1.391111] Key type trusted registered
[    1.396340] Key type encrypted registered
[    1.397873] AppArmor: AppArmor sha1 policy hashing enabled
[    1.400322] ima: No TPM chip found, activating TPM-bypass!
[    1.402576] ima: Allocated hash algorithm: sha1
[    1.404402] evm: HMAC attrs: 0x1
[    1.406293]   Magic number: 12:901:471
[    1.407980] rtc_cmos rtc_cmos: setting system clock to 2020-03-30 07:29:30 UTC (1585553370)
[    1.411419] BIOS EDD facility v0.16 2004-Jun-25, 0 devices found
[    1.413757] EDD information not available.
[    1.499664] Freeing unused kernel memory: 1488K
[    1.501414] Write protecting the kernel read-only data: 14336k
[    1.504266] Freeing unused kernel memory: 1604K
[    1.506351] Freeing unused kernel memory: 64K
Loading, please wait...
starting version 229
[    1.525323] random: systemd-udevd: uninitialized urandom read (16 bytes read, 3 bits of entropy available)
[    1.526140] random: udevadm: uninitialized urandom read (16 bytes read, 3 bits of entropy available)
[    1.526164] random: udevadm: uninitialized urandom read (16 bytes read, 3 bits of entropy available)
[    1.536403] random: systemd-udevd: uninitialized urandom read (16 bytes read, 3 bits of entropy available)
[    1.539425] random: udevadm: uninitialized urandom read (16 bytes read, 3 bits of entropy available)
[    1.539471] random: udevadm: uninitialized urandom read (16 bytes read, 3 bits of entropy available)
[    1.539632] random: udevadm: uninitialized urandom read (16 bytes read, 3 bits of entropy available)
[    1.539686] random: udevadm: uninitialized urandom read (16 bytes read, 3 bits of entropy available)
[    1.539740] random: udevadm: uninitialized urandom read (16 bytes read, 3 bits of entropy available)
[    1.539815] random: udevadm: uninitialized urandom read (16 bytes read, 3 bits of entropy available)
[    1.602876] Fusion MPT base driver 3.04.20
[    1.604636] Copyright (c) 1999-2008 LSI Corporation
[    1.621638] e1000: Intel(R) PRO/1000 Network Driver - version 7.3.21-k8-NAPI
[    1.624526] e1000: Copyright (c) 1999-2006 Intel Corporation.
[    1.636463] Fusion MPT SPI Host driver 3.04.20
[    1.653700] AVX2 version of gcm_enc/dec engaged.
[    1.655460] AES CTR mode by8 optimization enabled
[    1.853098] input: ImExPS/2 Generic Explorer Mouse as /devices/platform/i8042/serio1/input/input4
[    2.137076] e1000 0000:00:03.0 eth0: (PCI:33MHz:32-bit) 02:0e:0c:9a:00:f0
[    2.139322] e1000 0000:00:03.0 eth0: Intel(R) PRO/1000 Network Connection
[    2.142723] mptbase: ioc0: Initiating bringup
[    2.143451] e1000 0000:00:03.0 enp0s3: renamed from eth0
[    2.238275] ioc0: LSI53C1030 A0: Capabilities={Initiator}
[    4.576488] scsi host2: ioc0: LSI53C1030 A0, FwRev=00000000h, Ports=1, MaxQ=256, IRQ=20
[    6.129910] scsi 2:0:0:0: Direct-Access     VBOX     HARDDISK         1.0  PQ: 0 ANSI: 5
[    6.133258] scsi target2:0:0: Beginning Domain Validation
[    6.137725] scsi target2:0:0: Domain Validation skipping write tests
[    6.140292] scsi target2:0:0: Ending Domain Validation
[    6.142428] scsi target2:0:0: asynchronous
[    6.144706] scsi 2:0:1:0: Direct-Access     VBOX     HARDDISK         1.0  PQ: 0 ANSI: 5
[    6.147999] scsi target2:0:1: Beginning Domain Validation
[    6.151627] scsi target2:0:1: Domain Validation skipping write tests
[    6.154179] scsi target2:0:1: Ending Domain Validation
[    6.156341] scsi target2:0:1: asynchronous
[    6.181459] sd 2:0:0:0: Attached scsi generic sg0 type 0
[    6.184001] sd 2:0:0:0: [sda] 20971520 512-byte logical blocks: (10.7 GB/10.0 GiB)
[    6.185765] sd 2:0:1:0: Attached scsi generic sg1 type 0
[    6.186041] sd 2:0:1:0: [sdb] 20480 512-byte logical blocks: (10.5 MB/10.0 MiB)
[    6.186309] sd 2:0:1:0: [sdb] Write Protect is off
[    6.186473] sd 2:0:1:0: [sdb] Incomplete mode parameter data
[    6.186475] sd 2:0:1:0: [sdb] Assuming drive cache: write through
[    6.189317] sd 2:0:1:0: [sdb] Attached SCSI disk
[    6.201924] sd 2:0:0:0: [sda] Write Protect is off
[    6.204074] sd 2:0:0:0: [sda] Incomplete mode parameter data
[    6.205720] sd 2:0:0:0: [sda] Assuming drive cache: write through
[    6.210574]  sda: sda1
[    6.213154] sd 2:0:0:0: [sda] Attached SCSI disk
Begin: Loading essential drivers ... [    7.831740] md: linear personality registered for level -1
[    7.837306] md: multipath personality registered for level -4
[    7.842800] md: raid0 personality registered for level 0
[    7.850045] md: raid1 personality registered for level 1
[    7.921447] raid6: sse2x1   gen()  7190 MB/s
[    7.989718] raid6: sse2x1   xor()  4834 MB/s
[    8.057551] raid6: sse2x2   gen()  7976 MB/s
[    8.125425] raid6: sse2x2   xor()  6775 MB/s
[    8.193694] raid6: sse2x4   gen() 11913 MB/s
[    8.262032] raid6: sse2x4   xor()  6977 MB/s
[    8.333285] raid6: avx2x1   gen() 16173 MB/s
[    8.401587] raid6: avx2x2   gen() 17179 MB/s
[    8.469943] raid6: avx2x4   gen() 22255 MB/s
[    8.471339] raid6: using algorithm avx2x4 gen() 22255 MB/s
[    8.472903] raid6: using avx2x2 recovery algorithm
[    8.475793] xor: automatically using best checksumming function:
[    8.513473]    avx       : 19241.000 MB/sec
[    8.516508] async_tx: api initialized (async)
[    8.529354] md: raid6 personality registered for level 6
[    8.531378] md: raid5 personality registered for level 5
[    8.533607] md: raid4 personality registered for level 4
[    8.544108] md: raid10 personality registered for level 10
done.
Begin: Running /scripts/init-premount ... done.
Begin: Mounting root file system ... Begin: Running /scripts/local-top ... done.
Begin: Running /scripts/local-premount ... [    8.586908] Btrfs loaded
Scanning for Btrfs filesystems
done.
Warning: fsck not present, so skipping root file system
[    8.624409] EXT4-fs (sda1): INFO: recovery required on readonly filesystem
[    8.626757] EXT4-fs (sda1): write access will be enabled during recovery
[    8.709071] EXT4-fs (sda1): orphan cleanup on readonly fs
[    8.711189] EXT4-fs (sda1): 6 orphan inodes deleted
[    8.712994] EXT4-fs (sda1): recovery complete
[    8.717521] EXT4-fs (sda1): mounted filesystem with ordered data mode. Opts: (null)
done.
Begin: Running /scripts/local-bottom ... done.
Begin: Running /scripts/init-bottom ... done.
[    8.863176] systemd[1]: systemd 229 running in system mode. (+PAM +AUDIT +SELINUX +IMA +APPARMOR +SMACK +SYSVINIT +UTMP +LIBCRYPTSETUP +GCRYPT +GNUTLS +ACL +XZ -LZ4 +SECCOMP +BLKID +ELFUTILS +KMOD -IDN)
[    8.870336] systemd[1]: Detected virtualization oracle.
[    8.872357] systemd[1]: Detected architecture x86-64.

Welcome to [1mUbuntu 16.04.6 LTS[0m!

[    8.877347] systemd[1]: Set hostname to <lxwsrv01>.
[    9.067671] systemd[1]: Created slice System Slice.
[[0;32m  OK  [0m] Created slice System Slice.
[    9.071150] systemd[1]: Created slice system-serial\x2dgetty.slice.
[[0;32m  OK  [0m] Created slice system-serial\x2dgetty.slice.
[    9.075657] systemd[1]: Listening on Journal Socket.
[[0;32m  OK  [0m] Listening on Journal Socket.
[    9.093786] systemd[1]: Starting Nameserver information manager...
         Starting Nameserver information manager...
[    9.101769] systemd[1]: Listening on LVM2 poll daemon socket.
[[0;32m  OK  [0m] Listening on LVM2 poll daemon socket.
[    9.106002] systemd[1]: Listening on Journal Socket (/dev/log).
[[0;32m  OK  [0m] Listening on Journal Socket (/dev/log).
[    9.112984] systemd[1]: Starting Load Kernel Modules...
         Starting Load Kernel Modules...
[    9.118469] systemd[1]: Starting Remount Root and Kernel File Systems...
         Starting Remount Root and Kernel File Systems...
[    9.123719] systemd[1]: Listening on Syslog Socket.
[[0;32m  OK  [0m] Listening on Syslog Socket.
[    9.129426] systemd[1]: Reached target User and Group Name Lookups.
[    9.132075] Loading iSCSI transport class v2.0-870.
[[0;32m  OK  [0m] Reached target User and Group Name Lookups.
[    9.134158] EXT4-fs (sda1): re-mounted. Opts: (null)
[    9.136892] systemd[1]: Started Trigger resolvconf update for networkd DNS.
[[0;32m  OK  [0m] Started Trigger resolvconf update for networkd DNS.
[    9.142212] systemd[1]: Listening on udev Kernel Socket.
[[0;32m  OK  [0m] Listening on udev Kernel Socket.
[    9.146985] systemd[1]: Mounting Debug File System...
         Mounting Debug File System...
[    9.151158] systemd[1]: Listening on /dev/initctl Compatibility Named Pipe.
[    9.153738] iscsi: registered transport (tcp)
[[0;32m  OK  [0m] Listening on /dev/initctl Compatibility Named Pipe.
[    9.158530] systemd[1]: Starting Set console keymap...
         Starting Set console keymap...
[    9.163292] systemd[1]: Set up automount Arbitrary Executable File Formats File System Automount Point.
[[0;32m  OK  [0m] Set up automount Arbitrary Executab...ats File System Automount Point.
[    9.181867] systemd[1]: Reached target System Time Synchronized.
[[0;32m  OK  [0m] Reached target System Time Synchronized.
[    9.186074] systemd[1]: Listening on Device-mapper event daemon FIFOs.
[[0;32m  OK  [0m] Listening on Device-mapper event daemon FIFOs.
[    9.209980] systemd[1]: Mounting Huge Pages File System...
         Mounting Huge Pages File System...
[    9.214663] systemd[1]: Starting Create list of required static device nodes for the current kernel...
         Starting Create list of required st... nodes for the current kernel...
[    9.223107] systemd[1]: Listening on LVM2 metadata daemon socket.
[[0;32m  OK  [0m] Listening on LVM2 metadata daemon socket.
[    9.230489] systemd[1]: Starting Monitoring of LVM2 mirrors, snapshots etc. using dmeventd or progress polling...
         Starting Monitoring of LVM2 mirrors... dmeventd or progress polling...
[    9.237048] systemd[1]: Started Forward Password Requests to Wall Directory Watch.
[[0;32m  OK  [0m] Started Forward Password Requests to Wall Directory Watch.
[    9.244430] systemd[1]: Reached target Swap.
[[0;32m  OK  [0m] Reached target Swap.
[    9.248914] systemd[1]: Starting Uncomplicated firewall...
         Starting Uncomplicated firewall...
[    9.253691] systemd[1]: Listening on udev Control Socket.
[    9.256272] iscsi: registered transport (iser)
[[0;32m  OK  [0m] Listening on udev Control Socket.
[    9.259990] systemd[1]: Listening on Journal Audit Socket.
[[0;32m  OK  [0m] Listening on Journal Audit Socket.
[    9.265968] systemd[1]: Starting Journal Service...
         Starting Journal Service...
[    9.270907] systemd[1]: Reached target Encrypted Volumes.
[[0;32m  OK  [0m] Reached target Encrypted Volumes.
[    9.279744] systemd[1]: Mounting POSIX Message Queue File System...
         Mounting POSIX Message Queue File System...
[    9.285772] systemd[1]: Created slice User and Session Slice.
[[0;32m  OK  [0m] Created slice User and Session Slice.
[    9.290542] systemd[1]: Reached target Slices.
[[0;32m  OK  [0m] Reached target Slices.
[    9.296756] systemd[1]: Mounted Debug File System.
[[0;32m  OK  [0m] Mounted Debug File System.
[    9.302604] systemd[1]: Mounted Huge Pages File System.
[[0;32m  OK  [0m] Mounted Huge Pages File System.
[    9.312552] systemd[1]: Mounted POSIX Message Queue File System.
[[0;32m  OK  [0m] Mounted POSIX Message Queue File System.
[    9.325669] ip_tables: (C) 2000-2006 Netfilter Core Team
[    9.348335] systemd[1]: Started Load Kernel Modules.
[[0;32m  OK  [0m] [    9.357367] random: nonblocking pool is initialized
Started Load Kernel Modules.
[    9.367959] systemd[1]: Started Remount Root and Kernel File Systems.
[[0;32m  OK  [0m] Started Remount Root and Kernel File Systems.
[    9.375229] systemd[1]: Started Create list of required static device nodes for the current kernel.
[    9.379948] nf_conntrack version 0.5.0 (3903 buckets, 15612 max)
[[0;32m  OK  [0m] Started Create list of required sta...ce nodes for the current kernel.
[    9.401742] systemd[1]: Started Nameserver information manager.
[[0;32m  OK  [0m] Started Nameserver information manager.
[    9.405763] ip6_tables: (C) 2000-2006 Netfilter Core Team
[    9.406668] systemd[1]: Started Set console keymap.
[[0;32m  OK  [0m] Started Set console keymap.
[    9.413514] systemd[1]: Started Journal Service.
[[0;32m  OK  [0m] Started Journal Service.
[[0;32m  OK  [0m] Started LVM2 metadata daemon.
         Starting Create Static Device Nodes in /dev...
         Starting udev Coldplug all Devices...
         Starting Load/Save Random Seed...
         Starting Flush Journal to Persistent Storage...
         Mounting FUSE Control File System...
         Starting Apply Kernel Variables...
[[0;32m  OK  [0m] Mounted FUSE Control File System.
[[0;32m  OK  [0m] Started Load/Save Random Seed.
[    9.470403] systemd-journald[404]: Received request to flush runtime journal from PID 1
[[0;32m  OK  [0m] Started Flush Journal to Persistent Storage.
[[0;32m  OK  [0m] Started Create Static Device Nodes in /dev.
[[0;32m  OK  [0m] Started Apply Kernel Variables.
         Starting udev Kernel Device Manager...
[[0;32m  OK  [0m] Started Monitoring of LVM2 mirrors,...ng dmeventd or progress polling.
[[0;32m  OK  [0m] Reached target Local File Systems (Pre).
[[0;32m  OK  [0m] Reached target Local File Systems.
         Starting Set console font and keymap...
         Starting Initial cloud-init job (pre-networking)...
         Starting Tell Plymouth To Write Out Runtime Data...
         Starting Create Volatile Files and Directories...
         Starting LSB: AppArmor initialization...
[[0;32m  OK  [0m] Started Tell Plymouth To Write Out Runtime Data.
[[0;32m  OK  [0m] Started udev Kernel Device Manager.
[[0;32m  OK  [0m] Started udev Coldplug all Devices.
[[0;32m  OK  [0m] Started Dispatch Password Requests to Console Directory Watch.
[[0;32m  OK  [0m] Started Create Volatile Files and Directories.
         Starting Update UTMP about System Boot/Shutdown...
[[0;32m  OK  [0m] Started Update UTMP about System Boot/Shutdown.
[[0;32m  OK  [0m] Started Uncomplicated firewall.
[[0;32m  OK  [0m] Started LSB: AppArmor initialization.
[[0;32m  OK  [0m] Found device /dev/ttyS0.
[[0;32m  OK  [0m] Listening on Load/Save RF Kill Switch Status /dev/rfkill Watch.
[[0;32m  OK  [0m] Found device 82540EM Gigabit Ethern...r (PRO/1000 MT Desktop Adapter).
[   11.117415] cloud-init[505]: Cloud-init v. 19.4-33-gbb4131a2-0ubuntu1~16.04.1 running 'init-local' at Mon, 30 Mar 2020 07:29:40 +0000. Up 10.63 seconds.
[[0;32m  OK  [0m] Started Set console font and keymap.
[[0;32m  OK  [0m] Created slice system-getty.slice.
[[0;32m  OK  [0m] Started Initial cloud-init job (pre-networking).
[[0;32m  OK  [0m] Reached target Network (Pre).
[[0;32m  OK  [0m] Started ifup for enp0s3.
         Starting Raise network interfaces...
[[0;32m  OK  [0m] Started Raise network interfaces.
         Starting Initial cloud-init job (metadata service crawler)...
[[0;32m  OK  [0m] Reached target Network.
[   12.512085] cloud-init[1037]: Cloud-init v. 19.4-33-gbb4131a2-0ubuntu1~16.04.1 running 'init' at Mon, 30 Mar 2020 07:29:41 +0000. Up 12.06 seconds.
[   12.515231] cloud-init[1037]: ci-info: ++++++++++++++++++++++++++++++++++++Net device info++++++++++++++++++++++++++++++++++++
[   12.518213] cloud-init[1037]: ci-info: +--------+------+------------------------+---------------+--------+-------------------+
[   12.521717] cloud-init[1037]: ci-info: | Device |  Up  |        Address         |      Mask     | Scope  |     Hw-Address    |
[   12.529549] cloud-init[1037]: ci-info: +--------+------+------------------------+---------------+--------+-------------------+
[   12.532447] cloud-init[1037]: ci-info: | enp0s3 | True |       10.0.2.15        | 255.255.255.0 | global | 02:0e:0c:9a:00:f0 |
[   12.535282] cloud-init[1037]: ci-info: | enp0s3 | True | fe80::e:cff:fe9a:f0/64 |       .       |  link  | 02:0e:0c:9a:00:f0 |
[   12.539822] cloud-init[1037]: ci-info: |   lo   | True |       127.0.0.1        |   255.0.0.0   |  host  |         .         |
[   12.543351] cloud-init[1037]: ci-info: |   lo   | True |        ::1/128         |       .       |  host  |         .         |
[   12.547117] cloud-init[1037]: ci-info: +--------+------+------------------------+---------------+--------+-------------------+
[   12.551113] cloud-init[1037]: ci-info: +++++++++++++++++++++++++++Route IPv4 info++++++++++++++++++++++++++++
[   12.559065] cloud-init[1037]: ci-info: +-------+-------------+----------+---------------+-----------+-------+
[   12.563680] cloud-init[1037]: ci-info: | Route | Destination | Gateway  |    Genmask    | Interface | Flags |
[   12.567509] cloud-init[1037]: ci-info: +-------+-------------+----------+---------------+-----------+-------+
[   12.570671] cloud-init[1037]: ci-info: |   0   |   0.0.0.0   | 10.0.2.2 |    0.0.0.0    |   enp0s3  |   UG  |
[   12.574908] cloud-init[1037]: ci-info: |   1   |   10.0.2.0  | 0.0.0.0  | 255.255.255.0 |   enp0s3  |   U   |
[   12.580348] cloud-init[1037]: ci-info: +-------+-------------+----------+---------------+-----------+-------+
[   12.583022] cloud-init[1037]: ci-info: +++++++++++++++++++Route IPv6 info+++++++++++++++++++
[   12.585814] cloud-init[1037]: ci-info: +-------+-------------+---------+-----------+-------+
[   12.588292] cloud-init[1037]: ci-info: | Route | Destination | Gateway | Interface | Flags |
[   12.600633] cloud-init[1037]: ci-info: +-------+-------------+---------+-----------+-------+
[   12.604198] cloud-init[1037]: ci-info: |   0   |  fe80::/64  |    ::   |   enp0s3  |   U   |
[   12.608191] cloud-init[1037]: ci-info: |   3   |   ff00::/8  |    ::   |   enp0s3  |   U   |
[   12.611196] cloud-init[1037]: ci-info: +-------+-------------+---------+-----------+-------+
[[0;32m  OK  [0m] Started Initial cloud-init job (metadata service crawler).
[[0;32m  OK  [0m] Reached target Network is Online.
         Starting iSCSI initiator daemon (iscsid)...
[[0;32m  OK  [0m] Reached target System Initialization.
[[0;32m  OK  [0m] Started Daily apt download activities.
[[0;32m  OK  [0m] Listening on UUID daemon activation socket.
         Starting Socket activation for snappy daemon.
[[0;32m  OK  [0m] Started Message of the Day.
[[0;32m  OK  [0m] Started Daily apt upgrade and clean activities.
[[0;32m  OK  [0m] Listening on ACPID Listen Socket.
         Starting LXD - unix socket.
[[0;32m  OK  [0m] Started ACPI Events Check.
[[0;32m  OK  [0m] Reached target Paths.
[[0;32m  OK  [0m] Listening on D-Bus System Message Bus Socket.
[[0;32m  OK  [0m] Started Daily Cleanup of Temporary Directories.
[[0;32m  OK  [0m] Reached target Timers.
[[0;32m  OK  [0m] Reached target Cloud-config availability.
[[0;32m  OK  [0m] Listening on Socket activation for snappy daemon.
[[0;32m  OK  [0m] Listening on LXD - unix socket.
[[0;32m  OK  [0m] Reached target Sockets.
[[0;32m  OK  [0m] Reached target Basic System.
[[0;32m  OK  [0m] Started Deferred execution scheduler.
         Starting LSB: MD monitoring daemon...
         Starting Virtualbox guest utils...
         Starting /etc/rc.local Compatibility...
[[0;32m  OK  [0m] Started D-Bus System Message Bus.
[[0;32m  OK  [0m] Started FUSE filesystem for LXC.
         Starting System Logging Service...
         Starting MySQL Community Server...
         Starting Accounts Service...
         Starting OpenBSD Secure Shell server...
         Starting LXD - container startup/shutdown...
[[0;32m  OK  [0m] Started Regular background program processing daemon.
[[0;32m  OK  [0m] Started ACPI event daemon.
         Starting Login Service...
         Starting Message of the Day...
         Starting LSB: Record successful boot for GRUB...
         Starting Snappy daemon...
[[0;32m  OK  [0m] Started iSCSI initiator daemon (iscsid).
[[0;32m  OK  [0m] Started /etc/rc.local Compatibility.
         Starting Login to default iSCSI targets...
[[0;32m  OK  [0m] Started System Logging Service.
[[0;32m  OK  [0m] Started LSB: MD monitoring daemon.
[[0;32m  OK  [0m] Started Login Service.
[[0;32m  OK  [0m] Started Unattended Upgrades Shutdown.
[[0;32m  OK  [0m] Started Login to default iSCSI targets.
[[0;32m  OK  [0m] Reached target Remote File Systems (Pre).
[[0;32m  OK  [0m] Reached target Remote File Systems.
         Starting LSB: daemon to balance interrupts for SMP systems...
         Starting Permit User Sessions...
         Starting LSB: Set the CPU Frequency Scaling governor to "ondemand"...
         Starting LSB: automatic crash report generation...
         Starting LSB: Apache2 web server...
[[0;32m  OK  [0m] Started Permit User Sessions.
         Starting Authenticate and Authorize Users to Run Privileged Tasks...
         Starting Terminate Plymouth Boot Screen...
         Starting Hold until boot process finishes up...
[[0;32m  OK  [0m] Started OpenBSD Secure Shell server.
[[0;32m  OK  [0m] Started Hold until boot process finishes up.
[[0;32m  OK  [0m] Started Terminate Plymouth Boot Screen.
[[0;32m  OK  [0m] Started Authenticate and Authorize Users to Run Privileged Tasks.
[[0;32m  OK  [0m] Started Serial Getty on ttyS0.
         Starting Set console scheme...
[[0;32m  OK  [0m] Started Getty on tty1.
[[0;32m  OK  [0m] Reached target Login Prompts.
[[0;32m  OK  [0m] Started Set console scheme.
[[0;32m  OK  [0m] Started LSB: Record successful boot for GRUB.
[[0;32m  OK  [0m] Started LSB: Set the CPU Frequency Scaling governor to "ondemand".
[[0;32m  OK  [0m] Started Accounts Service.
[[0;32m  OK  [0m] Started LSB: automatic crash report generation.
[[0;32m  OK  [0m] Started LSB: daemon to balance interrupts for SMP systems.
[[0;32m  OK  [0m] Started Virtualbox guest utils.
[[0;32m  OK  [0m] Started LXD - container startup/shutdown.
[[0;32m  OK  [0m] Created slice User Slice of vagrant.
         Starting User Manager for UID 1000...
[[0;32m  OK  [0m] Started Session 1 of user vagrant.
[[0;32m  OK  [0m] Started User Manager for UID 1000.
[[0;32m  OK  [0m] Started Snappy daemon.
         Starting Wait until snapd is fully seeded...
[[0;32m  OK  [0m] Started Wait until snapd is fully seeded.
         Starting Apply the settings specified in cloud-config...
[[0;32m  OK  [0m] Started Message of the Day.
[[0;32m  OK  [0m] Started LSB: Apache2 web server.
[[0;32m  OK  [0m] Started MySQL Community Server.
[[0;32m  OK  [0m] Reached target Multi-User System.
[[0;32m  OK  [0m] Reached target Graphical Interface.
[   15.317226] cloud-init[1399]: Cloud-init v. 19.4-33-gbb4131a2-0ubuntu1~16.04.1 running 'modules:config' at Mon, 30 Mar 2020 07:29:44 +0000. Up 15.09 seconds.
         Starting Update UTMP about System Runlevel Changes...
[[0;32m  OK  [0m] Started Update UTMP about System Runlevel Changes.
[[0;32m  OK  [0m] Started Apply the settings specified in cloud-config.
         Starting Execute cloud user/final scripts...
[   16.358836] cloud-init[1514]: Cloud-init v. 19.4-33-gbb4131a2-0ubuntu1~16.04.1 running 'modules:final' at Mon, 30 Mar 2020 07:29:45 +0000. Up 16.11 seconds.
[   16.363554] cloud-init[1514]: Cloud-init v. 19.4-33-gbb4131a2-0ubuntu1~16.04.1 finished at Mon, 30 Mar 2020 07:29:45 +0000. Datasource DataSourceNoCloud [seed=/dev/sdb][dsmode=net].  Up 16.34 seconds
[[0;32m  OK  [0m] Started Execute cloud user/final scripts.
[[0;32m  OK  [0m] Reached target Cloud-init target.
         Starting Daily apt download activities...

Ubuntu 16.04.6 LTS lxwsrv01 ttyS0

lxwsrv01 login: 